{"/home/paril/Ecommerce-website/backend/app.js": {"path":"/home/paril/Ecommerce-website/backend/app.js","statementMap":{"0":{"start":{"line":1,"column":16},"end":{"line":1,"column":34}},"1":{"start":{"line":2,"column":20},"end":{"line":2,"column":42}},"2":{"start":{"line":3,"column":12},"end":{"line":3,"column":21}},"3":{"start":{"line":6,"column":0},"end":{"line":6,"column":26}},"4":{"start":{"line":8,"column":21},"end":{"line":8,"column":45}},"5":{"start":{"line":9,"column":24},"end":{"line":9,"column":53}},"6":{"start":{"line":10,"column":13},"end":{"line":10,"column":28}},"7":{"start":{"line":11,"column":18},"end":{"line":11,"column":47}},"8":{"start":{"line":14,"column":16},"end":{"line":20,"column":2}},"9":{"start":{"line":23,"column":0},"end":{"line":23,"column":17}},"10":{"start":{"line":26,"column":0},"end":{"line":26,"column":23}},"11":{"start":{"line":29,"column":0},"end":{"line":29,"column":28}},"12":{"start":{"line":30,"column":24},"end":{"line":30,"column":63}},"13":{"start":{"line":31,"column":0},"end":{"line":31,"column":25}},"14":{"start":{"line":33,"column":0},"end":{"line":33,"column":67}},"15":{"start":{"line":38,"column":0},"end":{"line":38,"column":36}},"16":{"start":{"line":41,"column":0},"end":{"line":41,"column":40}},"17":{"start":{"line":42,"column":0},"end":{"line":42,"column":23}},"18":{"start":{"line":43,"column":0},"end":{"line":46,"column":3}},"19":{"start":{"line":48,"column":13},"end":{"line":48,"column":28}},"20":{"start":{"line":49,"column":22},"end":{"line":49,"column":59}},"21":{"start":{"line":51,"column":23},"end":{"line":54,"column":17}},"22":{"start":{"line":52,"column":80},"end":{"line":52,"column":109}},"23":{"start":{"line":56,"column":0},"end":{"line":68,"column":4}},"24":{"start":{"line":59,"column":4},"end":{"line":59,"column":45}},"25":{"start":{"line":59,"column":17},"end":{"line":59,"column":45}},"26":{"start":{"line":61,"column":4},"end":{"line":65,"column":5}},"27":{"start":{"line":62,"column":6},"end":{"line":62,"column":27}},"28":{"start":{"line":64,"column":6},"end":{"line":64,"column":49}},"29":{"start":{"line":71,"column":0},"end":{"line":71,"column":23}},"30":{"start":{"line":74,"column":16},"end":{"line":74,"column":48}},"31":{"start":{"line":75,"column":13},"end":{"line":75,"column":42}},"32":{"start":{"line":76,"column":14},"end":{"line":76,"column":44}},"33":{"start":{"line":77,"column":16},"end":{"line":77,"column":48}},"34":{"start":{"line":81,"column":0},"end":{"line":81,"column":28}},"35":{"start":{"line":82,"column":0},"end":{"line":82,"column":25}},"36":{"start":{"line":83,"column":0},"end":{"line":83,"column":26}},"37":{"start":{"line":84,"column":0},"end":{"line":84,"column":28}},"38":{"start":{"line":86,"column":0},"end":{"line":88,"column":3}},"39":{"start":{"line":87,"column":2},"end":{"line":87,"column":72}},"40":{"start":{"line":90,"column":0},"end":{"line":90,"column":25}},"41":{"start":{"line":94,"column":0},"end":{"line":94,"column":20}}},"fnMap":{"0":{"name":"(anonymous_0)","decl":{"start":{"line":52,"column":73},"end":{"line":52,"column":74}},"loc":{"start":{"line":52,"column":80},"end":{"line":52,"column":109}},"line":52},"1":{"name":"(anonymous_1)","decl":{"start":{"line":57,"column":10},"end":{"line":57,"column":11}},"loc":{"start":{"line":57,"column":32},"end":{"line":66,"column":3}},"line":57},"2":{"name":"(anonymous_2)","decl":{"start":{"line":86,"column":18},"end":{"line":86,"column":19}},"loc":{"start":{"line":86,"column":32},"end":{"line":88,"column":1}},"line":86}},"branchMap":{"0":{"loc":{"start":{"line":52,"column":6},"end":{"line":52,"column":115}},"type":"cond-expr","locations":[{"start":{"line":52,"column":33},"end":{"line":52,"column":110}},{"start":{"line":52,"column":113},"end":{"line":52,"column":115}}],"line":52},"1":{"loc":{"start":{"line":59,"column":4},"end":{"line":59,"column":45}},"type":"if","locations":[{"start":{"line":59,"column":4},"end":{"line":59,"column":45}},{"start":{},"end":{}}],"line":59},"2":{"loc":{"start":{"line":61,"column":4},"end":{"line":65,"column":5}},"type":"if","locations":[{"start":{"line":61,"column":4},"end":{"line":65,"column":5}},{"start":{"line":63,"column":11},"end":{"line":65,"column":5}}],"line":61}},"s":{"0":25,"1":25,"2":25,"3":25,"4":25,"5":25,"6":25,"7":25,"8":25,"9":25,"10":25,"11":25,"12":25,"13":25,"14":25,"15":25,"16":25,"17":25,"18":25,"19":25,"20":25,"21":25,"22":0,"23":25,"24":291,"25":289,"26":2,"27":1,"28":1,"29":25,"30":25,"31":25,"32":25,"33":25,"34":25,"35":25,"36":25,"37":25,"38":25,"39":3,"40":25,"41":25},"f":{"0":0,"1":291,"2":3},"b":{"0":[0,25],"1":[289,2],"2":[1,1]},"_coverageSchema":"1a1c01bbd47fc00a2c39e90264f33305004495a9","hash":"4827c6f118503512d52c26eb4074e60100e83380"}
,"/home/paril/Ecommerce-website/backend/controllers/orderController.js": {"path":"/home/paril/Ecommerce-website/backend/controllers/orderController.js","statementMap":{"0":{"start":{"line":1,"column":14},"end":{"line":1,"column":45}},"1":{"start":{"line":2,"column":13},"end":{"line":2,"column":43}},"2":{"start":{"line":3,"column":16},"end":{"line":3,"column":49}},"3":{"start":{"line":4,"column":21},"end":{"line":4,"column":53}},"4":{"start":{"line":5,"column":25},"end":{"line":5,"column":66}},"5":{"start":{"line":6,"column":20},"end":{"line":6,"column":51}},"6":{"start":{"line":7,"column":33},"end":{"line":7,"column":60}},"7":{"start":{"line":8,"column":15},"end":{"line":8,"column":63}},"8":{"start":{"line":11,"column":0},"end":{"line":24,"column":3}},"9":{"start":{"line":12,"column":27},"end":{"line":12,"column":36}},"10":{"start":{"line":14,"column":4},"end":{"line":16,"column":5}},"11":{"start":{"line":15,"column":8},"end":{"line":15,"column":72}},"12":{"start":{"line":18,"column":19},"end":{"line":18,"column":51}},"13":{"start":{"line":20,"column":4},"end":{"line":23,"column":7}},"14":{"start":{"line":27,"column":0},"end":{"line":123,"column":3}},"15":{"start":{"line":36,"column":8},"end":{"line":36,"column":16}},"16":{"start":{"line":39,"column":23},"end":{"line":39,"column":59}},"17":{"start":{"line":39,"column":46},"end":{"line":39,"column":58}},"18":{"start":{"line":40,"column":21},"end":{"line":40,"column":69}},"19":{"start":{"line":42,"column":23},"end":{"line":42,"column":72}},"20":{"start":{"line":42,"column":49},"end":{"line":42,"column":70}},"21":{"start":{"line":44,"column":31},"end":{"line":44,"column":32}},"22":{"start":{"line":45,"column":4},"end":{"line":55,"column":5}},"23":{"start":{"line":47,"column":8},"end":{"line":49,"column":9}},"24":{"start":{"line":48,"column":12},"end":{"line":48,"column":96}},"25":{"start":{"line":50,"column":24},"end":{"line":50,"column":60}},"26":{"start":{"line":51,"column":8},"end":{"line":53,"column":9}},"27":{"start":{"line":52,"column":12},"end":{"line":52,"column":85}},"28":{"start":{"line":54,"column":8},"end":{"line":54,"column":62}},"29":{"start":{"line":58,"column":4},"end":{"line":60,"column":5}},"30":{"start":{"line":59,"column":8},"end":{"line":59,"column":101}},"31":{"start":{"line":67,"column":8},"end":{"line":67,"column":50}},"32":{"start":{"line":69,"column":4},"end":{"line":71,"column":5}},"33":{"start":{"line":70,"column":8},"end":{"line":70,"column":105}},"34":{"start":{"line":73,"column":4},"end":{"line":75,"column":5}},"35":{"start":{"line":74,"column":8},"end":{"line":74,"column":110}},"36":{"start":{"line":77,"column":4},"end":{"line":79,"column":5}},"37":{"start":{"line":78,"column":8},"end":{"line":78,"column":107}},"38":{"start":{"line":82,"column":4},"end":{"line":84,"column":5}},"39":{"start":{"line":83,"column":8},"end":{"line":83,"column":77}},"40":{"start":{"line":86,"column":26},"end":{"line":86,"column":78}},"41":{"start":{"line":88,"column":4},"end":{"line":90,"column":5}},"42":{"start":{"line":89,"column":8},"end":{"line":89,"column":67}},"43":{"start":{"line":92,"column":4},"end":{"line":94,"column":5}},"44":{"start":{"line":93,"column":8},"end":{"line":93,"column":70}},"45":{"start":{"line":98,"column":4},"end":{"line":100,"column":5}},"46":{"start":{"line":99,"column":8},"end":{"line":99,"column":70}},"47":{"start":{"line":103,"column":26},"end":{"line":103,"column":83}},"48":{"start":{"line":104,"column":4},"end":{"line":106,"column":5}},"49":{"start":{"line":105,"column":8},"end":{"line":105,"column":67}},"50":{"start":{"line":108,"column":18},"end":{"line":118,"column":6}},"51":{"start":{"line":119,"column":4},"end":{"line":122,"column":6}},"52":{"start":{"line":126,"column":0},"end":{"line":156,"column":2}},"53":{"start":{"line":129,"column":18},"end":{"line":129,"column":60}},"54":{"start":{"line":130,"column":4},"end":{"line":132,"column":5}},"55":{"start":{"line":131,"column":8},"end":{"line":131,"column":74}},"56":{"start":{"line":135,"column":4},"end":{"line":137,"column":5}},"57":{"start":{"line":136,"column":8},"end":{"line":136,"column":75}},"58":{"start":{"line":140,"column":4},"end":{"line":150,"column":5}},"59":{"start":{"line":141,"column":8},"end":{"line":145,"column":10}},"60":{"start":{"line":148,"column":21},"end":{"line":148,"column":80}},"61":{"start":{"line":149,"column":8},"end":{"line":149,"column":26}},"62":{"start":{"line":152,"column":4},"end":{"line":155,"column":6}},"63":{"start":{"line":158,"column":0},"end":{"line":172,"column":3}},"64":{"start":{"line":162,"column":19},"end":{"line":166,"column":11}},"65":{"start":{"line":168,"column":4},"end":{"line":171,"column":7}},"66":{"start":{"line":174,"column":0},"end":{"line":223,"column":3}},"67":{"start":{"line":175,"column":26},"end":{"line":175,"column":28}},"68":{"start":{"line":177,"column":31},"end":{"line":177,"column":61}},"69":{"start":{"line":179,"column":27},"end":{"line":179,"column":46}},"70":{"start":{"line":183,"column":4},"end":{"line":192,"column":5}},"71":{"start":{"line":184,"column":8},"end":{"line":191,"column":11}},"72":{"start":{"line":194,"column":23},"end":{"line":195,"column":34}},"73":{"start":{"line":198,"column":26},"end":{"line":198,"column":49}},"74":{"start":{"line":200,"column":51},"end":{"line":204,"column":6}},"75":{"start":{"line":207,"column":4},"end":{"line":209,"column":5}},"76":{"start":{"line":208,"column":8},"end":{"line":208,"column":86}},"77":{"start":{"line":211,"column":21},"end":{"line":216,"column":5}},"78":{"start":{"line":218,"column":4},"end":{"line":220,"column":5}},"79":{"start":{"line":219,"column":8},"end":{"line":219,"column":43}},"80":{"start":{"line":222,"column":4},"end":{"line":222,"column":35}},"81":{"start":{"line":225,"column":0},"end":{"line":265,"column":3}},"82":{"start":{"line":226,"column":18},"end":{"line":226,"column":53}},"83":{"start":{"line":227,"column":4},"end":{"line":229,"column":5}},"84":{"start":{"line":228,"column":8},"end":{"line":228,"column":74}},"85":{"start":{"line":230,"column":4},"end":{"line":232,"column":5}},"86":{"start":{"line":231,"column":8},"end":{"line":231,"column":69}},"87":{"start":{"line":234,"column":4},"end":{"line":236,"column":5}},"88":{"start":{"line":235,"column":8},"end":{"line":235,"column":77}},"89":{"start":{"line":239,"column":4},"end":{"line":253,"column":5}},"90":{"start":{"line":240,"column":27},"end":{"line":245,"column":11}},"91":{"start":{"line":240,"column":59},"end":{"line":245,"column":9}},"92":{"start":{"line":247,"column":8},"end":{"line":252,"column":9}},"93":{"start":{"line":248,"column":27},"end":{"line":248,"column":62}},"94":{"start":{"line":249,"column":12},"end":{"line":251,"column":13}},"95":{"start":{"line":250,"column":16},"end":{"line":250,"column":91}},"96":{"start":{"line":255,"column":4},"end":{"line":255,"column":40}},"97":{"start":{"line":256,"column":4},"end":{"line":258,"column":5}},"98":{"start":{"line":257,"column":8},"end":{"line":257,"column":38}},"99":{"start":{"line":259,"column":4},"end":{"line":261,"column":7}},"100":{"start":{"line":262,"column":4},"end":{"line":264,"column":7}},"101":{"start":{"line":270,"column":0},"end":{"line":279,"column":3}},"102":{"start":{"line":271,"column":18},"end":{"line":271,"column":53}},"103":{"start":{"line":272,"column":4},"end":{"line":274,"column":5}},"104":{"start":{"line":273,"column":8},"end":{"line":273,"column":74}},"105":{"start":{"line":275,"column":4},"end":{"line":275,"column":27}},"106":{"start":{"line":276,"column":4},"end":{"line":278,"column":7}}},"fnMap":{"0":{"name":"(anonymous_0)","decl":{"start":{"line":11,"column":38},"end":{"line":11,"column":39}},"loc":{"start":{"line":11,"column":64},"end":{"line":24,"column":1}},"line":11},"1":{"name":"(anonymous_1)","decl":{"start":{"line":27,"column":36},"end":{"line":27,"column":37}},"loc":{"start":{"line":27,"column":62},"end":{"line":123,"column":1}},"line":27},"2":{"name":"(anonymous_2)","decl":{"start":{"line":39,"column":38},"end":{"line":39,"column":39}},"loc":{"start":{"line":39,"column":46},"end":{"line":39,"column":58}},"line":39},"3":{"name":"(anonymous_3)","decl":{"start":{"line":42,"column":44},"end":{"line":42,"column":45}},"loc":{"start":{"line":42,"column":49},"end":{"line":42,"column":70}},"line":42},"4":{"name":"(anonymous_4)","decl":{"start":{"line":126,"column":42},"end":{"line":126,"column":43}},"loc":{"start":{"line":126,"column":68},"end":{"line":156,"column":1}},"line":126},"5":{"name":"(anonymous_5)","decl":{"start":{"line":158,"column":36},"end":{"line":158,"column":37}},"loc":{"start":{"line":158,"column":62},"end":{"line":172,"column":1}},"line":158},"6":{"name":"(anonymous_6)","decl":{"start":{"line":174,"column":40},"end":{"line":174,"column":41}},"loc":{"start":{"line":174,"column":66},"end":{"line":223,"column":1}},"line":174},"7":{"name":"(anonymous_7)","decl":{"start":{"line":225,"column":39},"end":{"line":225,"column":40}},"loc":{"start":{"line":225,"column":65},"end":{"line":265,"column":1}},"line":225},"8":{"name":"(anonymous_8)","decl":{"start":{"line":240,"column":48},"end":{"line":240,"column":49}},"loc":{"start":{"line":240,"column":59},"end":{"line":245,"column":9}},"line":240},"9":{"name":"(anonymous_9)","decl":{"start":{"line":270,"column":39},"end":{"line":270,"column":40}},"loc":{"start":{"line":270,"column":65},"end":{"line":279,"column":1}},"line":270}},"branchMap":{"0":{"loc":{"start":{"line":14,"column":4},"end":{"line":16,"column":5}},"type":"if","locations":[{"start":{"line":14,"column":4},"end":{"line":16,"column":5}},{"start":{},"end":{}}],"line":14},"1":{"loc":{"start":{"line":47,"column":8},"end":{"line":49,"column":9}},"type":"if","locations":[{"start":{"line":47,"column":8},"end":{"line":49,"column":9}},{"start":{},"end":{}}],"line":47},"2":{"loc":{"start":{"line":47,"column":12},"end":{"line":47,"column":65}},"type":"binary-expr","locations":[{"start":{"line":47,"column":12},"end":{"line":47,"column":44}},{"start":{"line":47,"column":48},"end":{"line":47,"column":65}}],"line":47},"3":{"loc":{"start":{"line":51,"column":8},"end":{"line":53,"column":9}},"type":"if","locations":[{"start":{"line":51,"column":8},"end":{"line":53,"column":9}},{"start":{},"end":{}}],"line":51},"4":{"loc":{"start":{"line":58,"column":4},"end":{"line":60,"column":5}},"type":"if","locations":[{"start":{"line":58,"column":4},"end":{"line":60,"column":5}},{"start":{},"end":{}}],"line":58},"5":{"loc":{"start":{"line":58,"column":8},"end":{"line":58,"column":87}},"type":"binary-expr","locations":[{"start":{"line":58,"column":8},"end":{"line":58,"column":25}},{"start":{"line":58,"column":29},"end":{"line":58,"column":87}}],"line":58},"6":{"loc":{"start":{"line":69,"column":4},"end":{"line":71,"column":5}},"type":"if","locations":[{"start":{"line":69,"column":4},"end":{"line":71,"column":5}},{"start":{},"end":{}}],"line":69},"7":{"loc":{"start":{"line":69,"column":8},"end":{"line":69,"column":81}},"type":"binary-expr","locations":[{"start":{"line":69,"column":8},"end":{"line":69,"column":23}},{"start":{"line":69,"column":27},"end":{"line":69,"column":81}}],"line":69},"8":{"loc":{"start":{"line":73,"column":4},"end":{"line":75,"column":5}},"type":"if","locations":[{"start":{"line":73,"column":4},"end":{"line":75,"column":5}},{"start":{},"end":{}}],"line":73},"9":{"loc":{"start":{"line":73,"column":8},"end":{"line":73,"column":96}},"type":"binary-expr","locations":[{"start":{"line":73,"column":8},"end":{"line":73,"column":28}},{"start":{"line":73,"column":32},"end":{"line":73,"column":96}}],"line":73},"10":{"loc":{"start":{"line":77,"column":4},"end":{"line":79,"column":5}},"type":"if","locations":[{"start":{"line":77,"column":4},"end":{"line":79,"column":5}},{"start":{},"end":{}}],"line":77},"11":{"loc":{"start":{"line":77,"column":8},"end":{"line":77,"column":87}},"type":"binary-expr","locations":[{"start":{"line":77,"column":8},"end":{"line":77,"column":25}},{"start":{"line":77,"column":29},"end":{"line":77,"column":87}}],"line":77},"12":{"loc":{"start":{"line":82,"column":4},"end":{"line":84,"column":5}},"type":"if","locations":[{"start":{"line":82,"column":4},"end":{"line":84,"column":5}},{"start":{},"end":{}}],"line":82},"13":{"loc":{"start":{"line":82,"column":8},"end":{"line":82,"column":39}},"type":"binary-expr","locations":[{"start":{"line":82,"column":8},"end":{"line":82,"column":20}},{"start":{"line":82,"column":24},"end":{"line":82,"column":39}}],"line":82},"14":{"loc":{"start":{"line":88,"column":4},"end":{"line":90,"column":5}},"type":"if","locations":[{"start":{"line":88,"column":4},"end":{"line":90,"column":5}},{"start":{},"end":{}}],"line":88},"15":{"loc":{"start":{"line":92,"column":4},"end":{"line":94,"column":5}},"type":"if","locations":[{"start":{"line":92,"column":4},"end":{"line":94,"column":5}},{"start":{},"end":{}}],"line":92},"16":{"loc":{"start":{"line":98,"column":4},"end":{"line":100,"column":5}},"type":"if","locations":[{"start":{"line":98,"column":4},"end":{"line":100,"column":5}},{"start":{},"end":{}}],"line":98},"17":{"loc":{"start":{"line":104,"column":4},"end":{"line":106,"column":5}},"type":"if","locations":[{"start":{"line":104,"column":4},"end":{"line":106,"column":5}},{"start":{},"end":{}}],"line":104},"18":{"loc":{"start":{"line":130,"column":4},"end":{"line":132,"column":5}},"type":"if","locations":[{"start":{"line":130,"column":4},"end":{"line":132,"column":5}},{"start":{},"end":{}}],"line":130},"19":{"loc":{"start":{"line":135,"column":4},"end":{"line":137,"column":5}},"type":"if","locations":[{"start":{"line":135,"column":4},"end":{"line":137,"column":5}},{"start":{},"end":{}}],"line":135},"20":{"loc":{"start":{"line":135,"column":8},"end":{"line":135,"column":86}},"type":"binary-expr","locations":[{"start":{"line":135,"column":8},"end":{"line":135,"column":57}},{"start":{"line":135,"column":61},"end":{"line":135,"column":86}}],"line":135},"21":{"loc":{"start":{"line":140,"column":4},"end":{"line":150,"column":5}},"type":"if","locations":[{"start":{"line":140,"column":4},"end":{"line":150,"column":5}},{"start":{"line":146,"column":11},"end":{"line":150,"column":5}}],"line":140},"22":{"loc":{"start":{"line":183,"column":4},"end":{"line":192,"column":5}},"type":"if","locations":[{"start":{"line":183,"column":4},"end":{"line":192,"column":5}},{"start":{},"end":{}}],"line":183},"23":{"loc":{"start":{"line":207,"column":4},"end":{"line":209,"column":5}},"type":"if","locations":[{"start":{"line":207,"column":4},"end":{"line":209,"column":5}},{"start":{},"end":{}}],"line":207},"24":{"loc":{"start":{"line":208,"column":22},"end":{"line":208,"column":85}},"type":"cond-expr","locations":[{"start":{"line":208,"column":51},"end":{"line":208,"column":81}},{"start":{"line":208,"column":84},"end":{"line":208,"column":85}}],"line":208},"25":{"loc":{"start":{"line":218,"column":4},"end":{"line":220,"column":5}},"type":"if","locations":[{"start":{"line":218,"column":4},"end":{"line":220,"column":5}},{"start":{},"end":{}}],"line":218},"26":{"loc":{"start":{"line":227,"column":4},"end":{"line":229,"column":5}},"type":"if","locations":[{"start":{"line":227,"column":4},"end":{"line":229,"column":5}},{"start":{},"end":{}}],"line":227},"27":{"loc":{"start":{"line":230,"column":4},"end":{"line":232,"column":5}},"type":"if","locations":[{"start":{"line":230,"column":4},"end":{"line":232,"column":5}},{"start":{},"end":{}}],"line":230},"28":{"loc":{"start":{"line":234,"column":4},"end":{"line":236,"column":5}},"type":"if","locations":[{"start":{"line":234,"column":4},"end":{"line":236,"column":5}},{"start":{},"end":{}}],"line":234},"29":{"loc":{"start":{"line":234,"column":8},"end":{"line":234,"column":72}},"type":"binary-expr","locations":[{"start":{"line":234,"column":8},"end":{"line":234,"column":39}},{"start":{"line":234,"column":43},"end":{"line":234,"column":72}}],"line":234},"30":{"loc":{"start":{"line":239,"column":4},"end":{"line":253,"column":5}},"type":"if","locations":[{"start":{"line":239,"column":4},"end":{"line":253,"column":5}},{"start":{},"end":{}}],"line":239},"31":{"loc":{"start":{"line":247,"column":8},"end":{"line":252,"column":9}},"type":"if","locations":[{"start":{"line":247,"column":8},"end":{"line":252,"column":9}},{"start":{},"end":{}}],"line":247},"32":{"loc":{"start":{"line":249,"column":12},"end":{"line":251,"column":13}},"type":"if","locations":[{"start":{"line":249,"column":12},"end":{"line":251,"column":13}},{"start":{},"end":{}}],"line":249},"33":{"loc":{"start":{"line":256,"column":4},"end":{"line":258,"column":5}},"type":"if","locations":[{"start":{"line":256,"column":4},"end":{"line":258,"column":5}},{"start":{},"end":{}}],"line":256},"34":{"loc":{"start":{"line":272,"column":4},"end":{"line":274,"column":5}},"type":"if","locations":[{"start":{"line":272,"column":4},"end":{"line":274,"column":5}},{"start":{},"end":{}}],"line":272}},"s":{"0":35,"1":35,"2":35,"3":35,"4":35,"5":35,"6":35,"7":35,"8":35,"9":2,"10":2,"11":0,"12":2,"13":2,"14":35,"15":14,"16":14,"17":17,"18":14,"19":14,"20":16,"21":14,"22":14,"23":17,"24":0,"25":17,"26":17,"27":1,"28":16,"29":13,"30":1,"31":12,"32":12,"33":1,"34":11,"35":1,"36":10,"37":1,"38":9,"39":0,"40":9,"41":9,"42":1,"43":8,"44":1,"45":7,"46":1,"47":6,"48":6,"49":1,"50":5,"51":5,"52":35,"53":7,"54":7,"55":1,"56":6,"57":1,"58":5,"59":3,"60":2,"61":2,"62":5,"63":35,"64":2,"65":2,"66":35,"67":3,"68":3,"69":3,"70":3,"71":1,"72":3,"73":3,"74":3,"75":3,"76":1,"77":3,"78":3,"79":1,"80":3,"81":35,"82":8,"83":8,"84":0,"85":8,"86":0,"87":8,"88":1,"89":7,"90":7,"91":11,"92":7,"93":7,"94":7,"95":2,"96":5,"97":5,"98":0,"99":5,"100":5,"101":35,"102":1,"103":1,"104":0,"105":1,"106":1},"f":{"0":2,"1":14,"2":17,"3":16,"4":7,"5":2,"6":3,"7":8,"8":11,"9":1},"b":{"0":[0,2],"1":[0,17],"2":[17,17],"3":[1,16],"4":[1,12],"5":[13,13],"6":[1,11],"7":[12,12],"8":[1,10],"9":[11,11],"10":[1,9],"11":[10,10],"12":[0,9],"13":[9,9],"14":[1,8],"15":[1,7],"16":[1,6],"17":[1,5],"18":[1,6],"19":[1,5],"20":[6,3],"21":[3,2],"22":[1,2],"23":[1,2],"24":[1,0],"25":[1,2],"26":[0,8],"27":[0,8],"28":[1,7],"29":[8,1],"30":[7,0],"31":[7,0],"32":[2,5],"33":[0,5],"34":[0,1]},"_coverageSchema":"1a1c01bbd47fc00a2c39e90264f33305004495a9","hash":"5ddf69d0c1de33b8d35634e46a0ebba54c702e2e"}
,"/home/paril/Ecommerce-website/backend/controllers/paymentController.js": {"path":"/home/paril/Ecommerce-website/backend/controllers/paymentController.js","statementMap":{"0":{"start":{"line":1,"column":25},"end":{"line":1,"column":66}},"1":{"start":{"line":2,"column":15},"end":{"line":2,"column":63}},"2":{"start":{"line":3,"column":16},"end":{"line":3,"column":49}},"3":{"start":{"line":4,"column":21},"end":{"line":4,"column":53}},"4":{"start":{"line":6,"column":0},"end":{"line":52,"column":3}},"5":{"start":{"line":7,"column":20},"end":{"line":7,"column":28}},"6":{"start":{"line":9,"column":2},"end":{"line":11,"column":3}},"7":{"start":{"line":10,"column":4},"end":{"line":10,"column":72}},"8":{"start":{"line":13,"column":21},"end":{"line":13,"column":54}},"9":{"start":{"line":13,"column":41},"end":{"line":13,"column":53}},"10":{"start":{"line":15,"column":19},"end":{"line":15,"column":90}},"11":{"start":{"line":19,"column":22},"end":{"line":19,"column":31}},"12":{"start":{"line":20,"column":2},"end":{"line":20,"column":64}},"13":{"start":{"line":20,"column":26},"end":{"line":20,"column":62}},"14":{"start":{"line":22,"column":29},"end":{"line":22,"column":30}},"15":{"start":{"line":23,"column":2},"end":{"line":34,"column":3}},"16":{"start":{"line":25,"column":4},"end":{"line":27,"column":5}},"17":{"start":{"line":26,"column":6},"end":{"line":26,"column":90}},"18":{"start":{"line":29,"column":20},"end":{"line":29,"column":49}},"19":{"start":{"line":30,"column":4},"end":{"line":32,"column":5}},"20":{"start":{"line":31,"column":6},"end":{"line":31,"column":79}},"21":{"start":{"line":33,"column":4},"end":{"line":33,"column":58}},"22":{"start":{"line":36,"column":29},"end":{"line":36,"column":56}},"23":{"start":{"line":37,"column":34},"end":{"line":37,"column":71}},"24":{"start":{"line":39,"column":4},"end":{"line":39,"column":71}},"25":{"start":{"line":41,"column":20},"end":{"line":47,"column":4}},"26":{"start":{"line":49,"column":2},"end":{"line":51,"column":69}},"27":{"start":{"line":54,"column":0},"end":{"line":56,"column":3}},"28":{"start":{"line":55,"column":2},"end":{"line":55,"column":69}}},"fnMap":{"0":{"name":"(anonymous_0)","decl":{"start":{"line":6,"column":42},"end":{"line":6,"column":43}},"loc":{"start":{"line":6,"column":68},"end":{"line":52,"column":1}},"line":6},"1":{"name":"(anonymous_1)","decl":{"start":{"line":13,"column":31},"end":{"line":13,"column":32}},"loc":{"start":{"line":13,"column":41},"end":{"line":13,"column":53}},"line":13},"2":{"name":"(anonymous_2)","decl":{"start":{"line":20,"column":19},"end":{"line":20,"column":20}},"loc":{"start":{"line":20,"column":26},"end":{"line":20,"column":62}},"line":20},"3":{"name":"(anonymous_3)","decl":{"start":{"line":54,"column":44},"end":{"line":54,"column":45}},"loc":{"start":{"line":54,"column":70},"end":{"line":56,"column":1}},"line":54}},"branchMap":{"0":{"loc":{"start":{"line":9,"column":2},"end":{"line":11,"column":3}},"type":"if","locations":[{"start":{"line":9,"column":2},"end":{"line":11,"column":3}},{"start":{},"end":{}}],"line":9},"1":{"loc":{"start":{"line":9,"column":6},"end":{"line":9,"column":59}},"type":"binary-expr","locations":[{"start":{"line":9,"column":6},"end":{"line":9,"column":12}},{"start":{"line":9,"column":16},"end":{"line":9,"column":37}},{"start":{"line":9,"column":41},"end":{"line":9,"column":59}}],"line":9},"2":{"loc":{"start":{"line":25,"column":4},"end":{"line":27,"column":5}},"type":"if","locations":[{"start":{"line":25,"column":4},"end":{"line":27,"column":5}},{"start":{},"end":{}}],"line":25},"3":{"loc":{"start":{"line":25,"column":8},"end":{"line":25,"column":61}},"type":"binary-expr","locations":[{"start":{"line":25,"column":8},"end":{"line":25,"column":40}},{"start":{"line":25,"column":44},"end":{"line":25,"column":61}}],"line":25},"4":{"loc":{"start":{"line":30,"column":4},"end":{"line":32,"column":5}},"type":"if","locations":[{"start":{"line":30,"column":4},"end":{"line":32,"column":5}},{"start":{},"end":{}}],"line":30},"5":{"loc":{"start":{"line":37,"column":34},"end":{"line":37,"column":71}},"type":"cond-expr","locations":[{"start":{"line":37,"column":64},"end":{"line":37,"column":65}},{"start":{"line":37,"column":68},"end":{"line":37,"column":71}}],"line":37}},"s":{"0":27,"1":27,"2":27,"3":27,"4":27,"5":9,"6":9,"7":2,"8":7,"9":10,"10":7,"11":7,"12":7,"13":8,"14":7,"15":7,"16":10,"17":0,"18":10,"19":10,"20":2,"21":8,"22":5,"23":5,"24":5,"25":5,"26":4,"27":27,"28":1},"f":{"0":9,"1":10,"2":8,"3":1},"b":{"0":[2,7],"1":[9,8,8],"2":[0,10],"3":[10,10],"4":[2,8],"5":[2,3]},"_coverageSchema":"1a1c01bbd47fc00a2c39e90264f33305004495a9","hash":"afd3fd2831b70b41f2676c5bd42090b0c80ecfe8"}
,"/home/paril/Ecommerce-website/backend/controllers/productController.js": {"path":"/home/paril/Ecommerce-website/backend/controllers/productController.js","statementMap":{"0":{"start":{"line":1,"column":17},"end":{"line":1,"column":36}},"1":{"start":{"line":3,"column":16},"end":{"line":3,"column":49}},"2":{"start":{"line":4,"column":15},"end":{"line":4,"column":47}},"3":{"start":{"line":5,"column":21},"end":{"line":5,"column":53}},"4":{"start":{"line":6,"column":25},"end":{"line":6,"column":66}},"5":{"start":{"line":7,"column":20},"end":{"line":7,"column":51}},"6":{"start":{"line":8,"column":19},"end":{"line":8,"column":40}},"7":{"start":{"line":9,"column":47},"end":{"line":9,"column":79}},"8":{"start":{"line":10,"column":18},"end":{"line":10,"column":38}},"9":{"start":{"line":14,"column":0},"end":{"line":43,"column":2}},"10":{"start":{"line":19,"column":23},"end":{"line":19,"column":70}},"11":{"start":{"line":22,"column":58},"end":{"line":22,"column":66}},"12":{"start":{"line":24,"column":24},"end":{"line":32,"column":5}},"13":{"start":{"line":35,"column":4},"end":{"line":35,"column":103}},"14":{"start":{"line":35,"column":44},"end":{"line":35,"column":101}},"15":{"start":{"line":37,"column":20},"end":{"line":37,"column":53}},"16":{"start":{"line":39,"column":4},"end":{"line":42,"column":6}},"17":{"start":{"line":46,"column":0},"end":{"line":96,"column":2}},"18":{"start":{"line":47,"column":26},"end":{"line":47,"column":27}},"19":{"start":{"line":49,"column":26},"end":{"line":49,"column":64}},"20":{"start":{"line":51,"column":23},"end":{"line":53,"column":17}},"21":{"start":{"line":57,"column":49},"end":{"line":57,"column":64}},"22":{"start":{"line":58,"column":22},"end":{"line":58,"column":74}},"23":{"start":{"line":59,"column":23},"end":{"line":59,"column":54}},"24":{"start":{"line":61,"column":4},"end":{"line":65,"column":5}},"25":{"start":{"line":62,"column":8},"end":{"line":62,"column":70}},"26":{"start":{"line":64,"column":8},"end":{"line":64,"column":81}},"27":{"start":{"line":67,"column":4},"end":{"line":67,"column":41}},"28":{"start":{"line":72,"column":28},"end":{"line":82,"column":15}},"29":{"start":{"line":84,"column":46},"end":{"line":87,"column":6}},"30":{"start":{"line":89,"column":4},"end":{"line":95,"column":6}},"31":{"start":{"line":97,"column":0},"end":{"line":118,"column":2}},"32":{"start":{"line":98,"column":24},"end":{"line":98,"column":39}},"33":{"start":{"line":99,"column":17},"end":{"line":99,"column":46}},"34":{"start":{"line":100,"column":18},"end":{"line":100,"column":48}},"35":{"start":{"line":101,"column":17},"end":{"line":101,"column":35}},"36":{"start":{"line":103,"column":23},"end":{"line":103,"column":53}},"37":{"start":{"line":105,"column":16},"end":{"line":105,"column":64}},"38":{"start":{"line":107,"column":4},"end":{"line":109,"column":5}},"39":{"start":{"line":108,"column":8},"end":{"line":108,"column":46}},"40":{"start":{"line":111,"column":21},"end":{"line":111,"column":32}},"41":{"start":{"line":113,"column":4},"end":{"line":117,"column":6}},"42":{"start":{"line":120,"column":0},"end":{"line":158,"column":3}},"43":{"start":{"line":125,"column":27},"end":{"line":125,"column":80}},"44":{"start":{"line":126,"column":23},"end":{"line":126,"column":25}},"45":{"start":{"line":128,"column":4},"end":{"line":132,"column":7}},"46":{"start":{"line":129,"column":8},"end":{"line":131,"column":9}},"47":{"start":{"line":130,"column":12},"end":{"line":130,"column":48}},"48":{"start":{"line":135,"column":4},"end":{"line":141,"column":5}},"49":{"start":{"line":136,"column":8},"end":{"line":136,"column":56}},"50":{"start":{"line":137,"column":8},"end":{"line":139,"column":9}},"51":{"start":{"line":138,"column":12},"end":{"line":138,"column":68}},"52":{"start":{"line":140,"column":8},"end":{"line":140,"column":87}},"53":{"start":{"line":144,"column":4},"end":{"line":148,"column":7}},"54":{"start":{"line":150,"column":4},"end":{"line":152,"column":5}},"55":{"start":{"line":151,"column":8},"end":{"line":151,"column":64}},"56":{"start":{"line":154,"column":4},"end":{"line":157,"column":7}},"57":{"start":{"line":160,"column":0},"end":{"line":172,"column":2}},"58":{"start":{"line":162,"column":20},"end":{"line":162,"column":57}},"59":{"start":{"line":163,"column":4},"end":{"line":165,"column":5}},"60":{"start":{"line":164,"column":8},"end":{"line":164,"column":63}},"61":{"start":{"line":166,"column":4},"end":{"line":166,"column":100}},"62":{"start":{"line":166,"column":50},"end":{"line":166,"column":97}},"63":{"start":{"line":167,"column":4},"end":{"line":167,"column":30}},"64":{"start":{"line":168,"column":4},"end":{"line":171,"column":6}},"65":{"start":{"line":174,"column":0},"end":{"line":185,"column":2}},"66":{"start":{"line":177,"column":20},"end":{"line":177,"column":64}},"67":{"start":{"line":178,"column":4},"end":{"line":180,"column":5}},"68":{"start":{"line":179,"column":8},"end":{"line":179,"column":63}},"69":{"start":{"line":181,"column":4},"end":{"line":184,"column":6}},"70":{"start":{"line":187,"column":0},"end":{"line":263,"column":2}},"71":{"start":{"line":192,"column":8},"end":{"line":192,"column":16}},"72":{"start":{"line":194,"column":4},"end":{"line":196,"column":5}},"73":{"start":{"line":195,"column":8},"end":{"line":195,"column":77}},"74":{"start":{"line":200,"column":29},"end":{"line":200,"column":82}},"75":{"start":{"line":204,"column":20},"end":{"line":207,"column":12}},"76":{"start":{"line":209,"column":4},"end":{"line":211,"column":5}},"77":{"start":{"line":210,"column":8},"end":{"line":210,"column":64}},"78":{"start":{"line":214,"column":27},"end":{"line":214,"column":91}},"79":{"start":{"line":217,"column":26},"end":{"line":217,"column":51}},"80":{"start":{"line":218,"column":27},"end":{"line":218,"column":47}},"81":{"start":{"line":220,"column":4},"end":{"line":258,"column":5}},"82":{"start":{"line":222,"column":26},"end":{"line":222,"column":47}},"83":{"start":{"line":224,"column":8},"end":{"line":228,"column":9}},"84":{"start":{"line":225,"column":12},"end":{"line":225,"column":40}},"85":{"start":{"line":227,"column":12},"end":{"line":227,"column":109}},"86":{"start":{"line":230,"column":8},"end":{"line":230,"column":47}},"87":{"start":{"line":231,"column":8},"end":{"line":231,"column":50}},"88":{"start":{"line":232,"column":8},"end":{"line":232,"column":36}},"89":{"start":{"line":234,"column":8},"end":{"line":237,"column":10}},"90":{"start":{"line":240,"column":8},"end":{"line":246,"column":11}},"91":{"start":{"line":249,"column":8},"end":{"line":249,"column":99}},"92":{"start":{"line":251,"column":8},"end":{"line":257,"column":10}},"93":{"start":{"line":260,"column":4},"end":{"line":262,"column":6}},"94":{"start":{"line":265,"column":0},"end":{"line":295,"column":2}},"95":{"start":{"line":267,"column":20},"end":{"line":267,"column":90}},"96":{"start":{"line":269,"column":4},"end":{"line":271,"column":5}},"97":{"start":{"line":270,"column":8},"end":{"line":270,"column":64}},"98":{"start":{"line":273,"column":24},"end":{"line":273,"column":39}},"99":{"start":{"line":274,"column":17},"end":{"line":274,"column":46}},"100":{"start":{"line":276,"column":18},"end":{"line":276,"column":48}},"101":{"start":{"line":277,"column":17},"end":{"line":277,"column":35}},"102":{"start":{"line":280,"column":22},"end":{"line":280,"column":67}},"103":{"start":{"line":282,"column":4},"end":{"line":284,"column":5}},"104":{"start":{"line":283,"column":8},"end":{"line":283,"column":58}},"105":{"start":{"line":286,"column":20},"end":{"line":286,"column":37}},"106":{"start":{"line":288,"column":4},"end":{"line":294,"column":7}},"107":{"start":{"line":297,"column":0},"end":{"line":359,"column":2}},"108":{"start":{"line":299,"column":24},"end":{"line":299,"column":39}},"109":{"start":{"line":300,"column":20},"end":{"line":303,"column":12}},"110":{"start":{"line":305,"column":4},"end":{"line":307,"column":5}},"111":{"start":{"line":306,"column":8},"end":{"line":306,"column":64}},"112":{"start":{"line":310,"column":4},"end":{"line":312,"column":5}},"113":{"start":{"line":311,"column":8},"end":{"line":311,"column":64}},"114":{"start":{"line":313,"column":19},"end":{"line":313,"column":56}},"115":{"start":{"line":315,"column":4},"end":{"line":317,"column":5}},"116":{"start":{"line":316,"column":8},"end":{"line":316,"column":63}},"117":{"start":{"line":319,"column":20},"end":{"line":319,"column":70}},"118":{"start":{"line":320,"column":20},"end":{"line":320,"column":45}},"119":{"start":{"line":322,"column":4},"end":{"line":324,"column":5}},"120":{"start":{"line":323,"column":8},"end":{"line":323,"column":83}},"121":{"start":{"line":327,"column":27},"end":{"line":327,"column":47}},"122":{"start":{"line":328,"column":32},"end":{"line":328,"column":57}},"123":{"start":{"line":329,"column":22},"end":{"line":329,"column":35}},"124":{"start":{"line":332,"column":26},"end":{"line":332,"column":49}},"125":{"start":{"line":334,"column":4},"end":{"line":340,"column":5}},"126":{"start":{"line":335,"column":8},"end":{"line":335,"column":23}},"127":{"start":{"line":336,"column":8},"end":{"line":336,"column":28}},"128":{"start":{"line":339,"column":8},"end":{"line":339,"column":92}},"129":{"start":{"line":343,"column":4},"end":{"line":343,"column":51}},"130":{"start":{"line":345,"column":4},"end":{"line":354,"column":7}},"131":{"start":{"line":356,"column":4},"end":{"line":358,"column":7}}},"fnMap":{"0":{"name":"(anonymous_0)","decl":{"start":{"line":14,"column":41},"end":{"line":14,"column":42}},"loc":{"start":{"line":14,"column":67},"end":{"line":43,"column":1}},"line":14},"1":{"name":"(anonymous_1)","decl":{"start":{"line":35,"column":37},"end":{"line":35,"column":38}},"loc":{"start":{"line":35,"column":44},"end":{"line":35,"column":101}},"line":35},"2":{"name":"(anonymous_2)","decl":{"start":{"line":46,"column":42},"end":{"line":46,"column":43}},"loc":{"start":{"line":46,"column":68},"end":{"line":96,"column":1}},"line":46},"3":{"name":"(anonymous_3)","decl":{"start":{"line":97,"column":44},"end":{"line":97,"column":45}},"loc":{"start":{"line":97,"column":70},"end":{"line":118,"column":1}},"line":97},"4":{"name":"(anonymous_4)","decl":{"start":{"line":120,"column":41},"end":{"line":120,"column":42}},"loc":{"start":{"line":120,"column":67},"end":{"line":158,"column":1}},"line":120},"5":{"name":"(anonymous_5)","decl":{"start":{"line":128,"column":27},"end":{"line":128,"column":28}},"loc":{"start":{"line":128,"column":36},"end":{"line":132,"column":5}},"line":128},"6":{"name":"(anonymous_6)","decl":{"start":{"line":160,"column":41},"end":{"line":160,"column":42}},"loc":{"start":{"line":160,"column":67},"end":{"line":172,"column":1}},"line":160},"7":{"name":"(anonymous_7)","decl":{"start":{"line":166,"column":41},"end":{"line":166,"column":42}},"loc":{"start":{"line":166,"column":50},"end":{"line":166,"column":97}},"line":166},"8":{"name":"(anonymous_8)","decl":{"start":{"line":174,"column":45},"end":{"line":174,"column":46}},"loc":{"start":{"line":174,"column":71},"end":{"line":185,"column":1}},"line":174},"9":{"name":"(anonymous_9)","decl":{"start":{"line":187,"column":47},"end":{"line":187,"column":48}},"loc":{"start":{"line":187,"column":73},"end":{"line":263,"column":1}},"line":187},"10":{"name":"(anonymous_10)","decl":{"start":{"line":265,"column":45},"end":{"line":265,"column":46}},"loc":{"start":{"line":265,"column":71},"end":{"line":295,"column":1}},"line":265},"11":{"name":"(anonymous_11)","decl":{"start":{"line":297,"column":40},"end":{"line":297,"column":41}},"loc":{"start":{"line":297,"column":66},"end":{"line":359,"column":1}},"line":297}},"branchMap":{"0":{"loc":{"start":{"line":35,"column":44},"end":{"line":35,"column":101}},"type":"binary-expr","locations":[{"start":{"line":35,"column":44},"end":{"line":35,"column":74}},{"start":{"line":35,"column":78},"end":{"line":35,"column":101}}],"line":35},"1":{"loc":{"start":{"line":51,"column":55},"end":{"line":51,"column":70}},"type":"binary-expr","locations":[{"start":{"line":51,"column":55},"end":{"line":51,"column":64}},{"start":{"line":51,"column":68},"end":{"line":51,"column":70}}],"line":51},"2":{"loc":{"start":{"line":57,"column":49},"end":{"line":57,"column":64}},"type":"binary-expr","locations":[{"start":{"line":57,"column":49},"end":{"line":57,"column":58}},{"start":{"line":57,"column":62},"end":{"line":57,"column":64}}],"line":57},"3":{"loc":{"start":{"line":58,"column":22},"end":{"line":58,"column":74}},"type":"binary-expr","locations":[{"start":{"line":58,"column":22},"end":{"line":58,"column":49}},{"start":{"line":58,"column":53},"end":{"line":58,"column":74}}],"line":58},"4":{"loc":{"start":{"line":61,"column":4},"end":{"line":65,"column":5}},"type":"if","locations":[{"start":{"line":61,"column":4},"end":{"line":65,"column":5}},{"start":{"line":63,"column":11},"end":{"line":65,"column":5}}],"line":61},"5":{"loc":{"start":{"line":61,"column":8},"end":{"line":61,"column":33}},"type":"binary-expr","locations":[{"start":{"line":61,"column":8},"end":{"line":61,"column":18}},{"start":{"line":61,"column":22},"end":{"line":61,"column":33}}],"line":61},"6":{"loc":{"start":{"line":98,"column":24},"end":{"line":98,"column":39}},"type":"binary-expr","locations":[{"start":{"line":98,"column":24},"end":{"line":98,"column":33}},{"start":{"line":98,"column":37},"end":{"line":98,"column":39}}],"line":98},"7":{"loc":{"start":{"line":99,"column":17},"end":{"line":99,"column":46}},"type":"binary-expr","locations":[{"start":{"line":99,"column":17},"end":{"line":99,"column":41}},{"start":{"line":99,"column":45},"end":{"line":99,"column":46}}],"line":99},"8":{"loc":{"start":{"line":100,"column":18},"end":{"line":100,"column":48}},"type":"binary-expr","locations":[{"start":{"line":100,"column":18},"end":{"line":100,"column":43}},{"start":{"line":100,"column":47},"end":{"line":100,"column":48}}],"line":100},"9":{"loc":{"start":{"line":107,"column":4},"end":{"line":109,"column":5}},"type":"if","locations":[{"start":{"line":107,"column":4},"end":{"line":109,"column":5}},{"start":{},"end":{}}],"line":107},"10":{"loc":{"start":{"line":129,"column":8},"end":{"line":131,"column":9}},"type":"if","locations":[{"start":{"line":129,"column":8},"end":{"line":131,"column":9}},{"start":{},"end":{}}],"line":129},"11":{"loc":{"start":{"line":135,"column":4},"end":{"line":141,"column":5}},"type":"if","locations":[{"start":{"line":135,"column":4},"end":{"line":141,"column":5}},{"start":{},"end":{}}],"line":135},"12":{"loc":{"start":{"line":137,"column":8},"end":{"line":139,"column":9}},"type":"if","locations":[{"start":{"line":137,"column":8},"end":{"line":139,"column":9}},{"start":{},"end":{}}],"line":137},"13":{"loc":{"start":{"line":150,"column":4},"end":{"line":152,"column":5}},"type":"if","locations":[{"start":{"line":150,"column":4},"end":{"line":152,"column":5}},{"start":{},"end":{}}],"line":150},"14":{"loc":{"start":{"line":163,"column":4},"end":{"line":165,"column":5}},"type":"if","locations":[{"start":{"line":163,"column":4},"end":{"line":165,"column":5}},{"start":{},"end":{}}],"line":163},"15":{"loc":{"start":{"line":178,"column":4},"end":{"line":180,"column":5}},"type":"if","locations":[{"start":{"line":178,"column":4},"end":{"line":180,"column":5}},{"start":{},"end":{}}],"line":178},"16":{"loc":{"start":{"line":194,"column":4},"end":{"line":196,"column":5}},"type":"if","locations":[{"start":{"line":194,"column":4},"end":{"line":196,"column":5}},{"start":{},"end":{}}],"line":194},"17":{"loc":{"start":{"line":194,"column":8},"end":{"line":194,"column":32}},"type":"binary-expr","locations":[{"start":{"line":194,"column":8},"end":{"line":194,"column":18}},{"start":{"line":194,"column":22},"end":{"line":194,"column":32}}],"line":194},"18":{"loc":{"start":{"line":200,"column":29},"end":{"line":200,"column":82}},"type":"cond-expr","locations":[{"start":{"line":200,"column":39},"end":{"line":200,"column":72}},{"start":{"line":200,"column":75},"end":{"line":200,"column":82}}],"line":200},"19":{"loc":{"start":{"line":209,"column":4},"end":{"line":211,"column":5}},"type":"if","locations":[{"start":{"line":209,"column":4},"end":{"line":211,"column":5}},{"start":{},"end":{}}],"line":209},"20":{"loc":{"start":{"line":217,"column":26},"end":{"line":217,"column":51}},"type":"binary-expr","locations":[{"start":{"line":217,"column":26},"end":{"line":217,"column":46}},{"start":{"line":217,"column":50},"end":{"line":217,"column":51}}],"line":217},"21":{"loc":{"start":{"line":218,"column":27},"end":{"line":218,"column":47}},"type":"binary-expr","locations":[{"start":{"line":218,"column":27},"end":{"line":218,"column":42}},{"start":{"line":218,"column":46},"end":{"line":218,"column":47}}],"line":218},"22":{"loc":{"start":{"line":220,"column":4},"end":{"line":258,"column":5}},"type":"if","locations":[{"start":{"line":220,"column":4},"end":{"line":258,"column":5}},{"start":{"line":238,"column":11},"end":{"line":258,"column":5}}],"line":220},"23":{"loc":{"start":{"line":224,"column":8},"end":{"line":228,"column":9}},"type":"if","locations":[{"start":{"line":224,"column":8},"end":{"line":228,"column":9}},{"start":{"line":226,"column":15},"end":{"line":228,"column":9}}],"line":224},"24":{"loc":{"start":{"line":269,"column":4},"end":{"line":271,"column":5}},"type":"if","locations":[{"start":{"line":269,"column":4},"end":{"line":271,"column":5}},{"start":{},"end":{}}],"line":269},"25":{"loc":{"start":{"line":273,"column":24},"end":{"line":273,"column":39}},"type":"binary-expr","locations":[{"start":{"line":273,"column":24},"end":{"line":273,"column":33}},{"start":{"line":273,"column":37},"end":{"line":273,"column":39}}],"line":273},"26":{"loc":{"start":{"line":274,"column":17},"end":{"line":274,"column":46}},"type":"binary-expr","locations":[{"start":{"line":274,"column":17},"end":{"line":274,"column":41}},{"start":{"line":274,"column":45},"end":{"line":274,"column":46}}],"line":274},"27":{"loc":{"start":{"line":276,"column":18},"end":{"line":276,"column":48}},"type":"binary-expr","locations":[{"start":{"line":276,"column":18},"end":{"line":276,"column":43}},{"start":{"line":276,"column":47},"end":{"line":276,"column":48}}],"line":276},"28":{"loc":{"start":{"line":282,"column":4},"end":{"line":284,"column":5}},"type":"if","locations":[{"start":{"line":282,"column":4},"end":{"line":284,"column":5}},{"start":{},"end":{}}],"line":282},"29":{"loc":{"start":{"line":291,"column":22},"end":{"line":291,"column":47}},"type":"binary-expr","locations":[{"start":{"line":291,"column":22},"end":{"line":291,"column":42}},{"start":{"line":291,"column":46},"end":{"line":291,"column":47}}],"line":291},"30":{"loc":{"start":{"line":299,"column":24},"end":{"line":299,"column":39}},"type":"binary-expr","locations":[{"start":{"line":299,"column":24},"end":{"line":299,"column":33}},{"start":{"line":299,"column":37},"end":{"line":299,"column":39}}],"line":299},"31":{"loc":{"start":{"line":305,"column":4},"end":{"line":307,"column":5}},"type":"if","locations":[{"start":{"line":305,"column":4},"end":{"line":307,"column":5}},{"start":{},"end":{}}],"line":305},"32":{"loc":{"start":{"line":310,"column":4},"end":{"line":312,"column":5}},"type":"if","locations":[{"start":{"line":310,"column":4},"end":{"line":312,"column":5}},{"start":{},"end":{}}],"line":310},"33":{"loc":{"start":{"line":315,"column":4},"end":{"line":317,"column":5}},"type":"if","locations":[{"start":{"line":315,"column":4},"end":{"line":317,"column":5}},{"start":{},"end":{}}],"line":315},"34":{"loc":{"start":{"line":322,"column":4},"end":{"line":324,"column":5}},"type":"if","locations":[{"start":{"line":322,"column":4},"end":{"line":324,"column":5}},{"start":{},"end":{}}],"line":322},"35":{"loc":{"start":{"line":322,"column":8},"end":{"line":322,"column":28}},"type":"binary-expr","locations":[{"start":{"line":322,"column":8},"end":{"line":322,"column":16}},{"start":{"line":322,"column":20},"end":{"line":322,"column":28}}],"line":322},"36":{"loc":{"start":{"line":327,"column":27},"end":{"line":327,"column":47}},"type":"binary-expr","locations":[{"start":{"line":327,"column":27},"end":{"line":327,"column":42}},{"start":{"line":327,"column":46},"end":{"line":327,"column":47}}],"line":327},"37":{"loc":{"start":{"line":328,"column":32},"end":{"line":328,"column":57}},"type":"binary-expr","locations":[{"start":{"line":328,"column":32},"end":{"line":328,"column":52}},{"start":{"line":328,"column":56},"end":{"line":328,"column":57}}],"line":328},"38":{"loc":{"start":{"line":334,"column":4},"end":{"line":340,"column":5}},"type":"if","locations":[{"start":{"line":334,"column":4},"end":{"line":340,"column":5}},{"start":{"line":337,"column":11},"end":{"line":340,"column":5}}],"line":334}},"s":{"0":38,"1":38,"2":38,"3":38,"4":38,"5":38,"6":38,"7":38,"8":38,"9":38,"10":7,"11":7,"12":7,"13":7,"14":49,"15":7,"16":6,"17":38,"18":118,"19":118,"20":18,"21":18,"22":18,"23":18,"24":18,"25":7,"26":11,"27":18,"28":18,"29":18,"30":18,"31":38,"32":6,"33":6,"34":6,"35":6,"36":6,"37":6,"38":6,"39":2,"40":6,"41":6,"42":38,"43":8,"44":8,"45":8,"46":40,"47":11,"48":8,"49":2,"50":2,"51":0,"52":2,"53":8,"54":8,"55":1,"56":7,"57":38,"58":3,"59":3,"60":1,"61":2,"62":3,"63":2,"64":2,"65":38,"66":3,"67":2,"68":1,"69":1,"70":38,"71":6,"72":6,"73":1,"74":5,"75":5,"76":5,"77":0,"78":5,"79":5,"80":5,"81":5,"82":2,"83":2,"84":0,"85":2,"86":2,"87":2,"88":2,"89":2,"90":3,"91":3,"92":3,"93":5,"94":38,"95":2,"96":2,"97":1,"98":1,"99":1,"100":1,"101":1,"102":1,"103":1,"104":0,"105":1,"106":1,"107":38,"108":4,"109":4,"110":4,"111":1,"112":3,"113":0,"114":3,"115":3,"116":0,"117":3,"118":3,"119":3,"120":1,"121":2,"122":2,"123":2,"124":2,"125":2,"126":2,"127":2,"128":0,"129":2,"130":2,"131":2},"f":{"0":7,"1":49,"2":118,"3":6,"4":8,"5":40,"6":3,"7":3,"8":3,"9":6,"10":2,"11":4},"b":{"0":[49,16],"1":[18,0],"2":[18,0],"3":[18,4],"4":[7,11],"5":[18,14],"6":[6,2],"7":[6,4],"8":[6,4],"9":[2,4],"10":[11,29],"11":[2,6],"12":[0,2],"13":[1,7],"14":[1,2],"15":[1,1],"16":[1,5],"17":[6,6],"18":[5,0],"19":[0,5],"20":[5,3],"21":[5,3],"22":[2,3],"23":[0,2],"24":[1,1],"25":[1,0],"26":[1,1],"27":[1,1],"28":[0,1],"29":[1,0],"30":[4,0],"31":[1,3],"32":[0,3],"33":[0,3],"34":[1,2],"35":[3,1],"36":[2,0],"37":[2,0],"38":[2,0]},"_coverageSchema":"1a1c01bbd47fc00a2c39e90264f33305004495a9","hash":"cd19f4eaa16ed4a894cc3b29d35a3519395a0031"}
,"/home/paril/Ecommerce-website/backend/controllers/userController.js": {"path":"/home/paril/Ecommerce-website/backend/controllers/userController.js","statementMap":{"0":{"start":{"line":1,"column":21},"end":{"line":1,"column":53}},"1":{"start":{"line":2,"column":25},"end":{"line":2,"column":66}},"2":{"start":{"line":3,"column":13},"end":{"line":3,"column":43}},"3":{"start":{"line":4,"column":18},"end":{"line":4,"column":46}},"4":{"start":{"line":5,"column":18},"end":{"line":5,"column":47}},"5":{"start":{"line":6,"column":15},"end":{"line":6,"column":32}},"6":{"start":{"line":7,"column":19},"end":{"line":7,"column":40}},"7":{"start":{"line":8,"column":20},"end":{"line":8,"column":51}},"8":{"start":{"line":10,"column":24},"end":{"line":10,"column":39}},"9":{"start":{"line":13,"column":0},"end":{"line":41,"column":2}},"10":{"start":{"line":19,"column":8},"end":{"line":19,"column":16}},"11":{"start":{"line":20,"column":4},"end":{"line":22,"column":5}},"12":{"start":{"line":21,"column":8},"end":{"line":21,"column":66}},"13":{"start":{"line":23,"column":4},"end":{"line":25,"column":5}},"14":{"start":{"line":24,"column":8},"end":{"line":24,"column":74}},"15":{"start":{"line":26,"column":20},"end":{"line":30,"column":6}},"16":{"start":{"line":31,"column":17},"end":{"line":39,"column":6}},"17":{"start":{"line":40,"column":4},"end":{"line":40,"column":29}},"18":{"start":{"line":43,"column":0},"end":{"line":63,"column":2}},"19":{"start":{"line":47,"column":8},"end":{"line":47,"column":16}},"20":{"start":{"line":49,"column":4},"end":{"line":51,"column":5}},"21":{"start":{"line":50,"column":8},"end":{"line":50,"column":77}},"22":{"start":{"line":52,"column":17},"end":{"line":54,"column":26}},"23":{"start":{"line":55,"column":4},"end":{"line":57,"column":5}},"24":{"start":{"line":56,"column":8},"end":{"line":56,"column":71}},"25":{"start":{"line":58,"column":30},"end":{"line":58,"column":66}},"26":{"start":{"line":59,"column":4},"end":{"line":61,"column":5}},"27":{"start":{"line":60,"column":8},"end":{"line":60,"column":71}},"28":{"start":{"line":62,"column":4},"end":{"line":62,"column":29}},"29":{"start":{"line":65,"column":0},"end":{"line":74,"column":2}},"30":{"start":{"line":66,"column":4},"end":{"line":69,"column":6}},"31":{"start":{"line":70,"column":4},"end":{"line":73,"column":6}},"32":{"start":{"line":76,"column":0},"end":{"line":121,"column":2}},"33":{"start":{"line":77,"column":17},"end":{"line":79,"column":6}},"34":{"start":{"line":80,"column":4},"end":{"line":85,"column":5}},"35":{"start":{"line":81,"column":8},"end":{"line":84,"column":10}},"36":{"start":{"line":87,"column":23},"end":{"line":87,"column":57}},"37":{"start":{"line":88,"column":4},"end":{"line":90,"column":7}},"38":{"start":{"line":92,"column":4},"end":{"line":94,"column":5}},"39":{"start":{"line":93,"column":8},"end":{"line":93,"column":92}},"40":{"start":{"line":96,"column":22},"end":{"line":96,"column":65}},"41":{"start":{"line":97,"column":29},"end":{"line":97,"column":72}},"42":{"start":{"line":98,"column":20},"end":{"line":98,"column":142}},"43":{"start":{"line":101,"column":4},"end":{"line":115,"column":7}},"44":{"start":{"line":109,"column":8},"end":{"line":109,"column":84}},"45":{"start":{"line":110,"column":8},"end":{"line":110,"column":44}},"46":{"start":{"line":111,"column":8},"end":{"line":111,"column":45}},"47":{"start":{"line":112,"column":8},"end":{"line":114,"column":11}},"48":{"start":{"line":113,"column":12},"end":{"line":113,"column":87}},"49":{"start":{"line":117,"column":4},"end":{"line":120,"column":7}},"50":{"start":{"line":123,"column":0},"end":{"line":143,"column":2}},"51":{"start":{"line":125,"column":31},"end":{"line":125,"column":97}},"52":{"start":{"line":126,"column":17},"end":{"line":131,"column":6}},"53":{"start":{"line":132,"column":4},"end":{"line":134,"column":5}},"54":{"start":{"line":133,"column":8},"end":{"line":133,"column":97}},"55":{"start":{"line":135,"column":4},"end":{"line":137,"column":5}},"56":{"start":{"line":136,"column":8},"end":{"line":136,"column":68}},"57":{"start":{"line":138,"column":4},"end":{"line":138,"column":37}},"58":{"start":{"line":139,"column":4},"end":{"line":139,"column":39}},"59":{"start":{"line":140,"column":4},"end":{"line":140,"column":40}},"60":{"start":{"line":141,"column":4},"end":{"line":141,"column":22}},"61":{"start":{"line":142,"column":4},"end":{"line":142,"column":30}},"62":{"start":{"line":145,"column":0},"end":{"line":152,"column":2}},"63":{"start":{"line":147,"column":17},"end":{"line":147,"column":25}},"64":{"start":{"line":148,"column":4},"end":{"line":151,"column":6}},"65":{"start":{"line":154,"column":0},"end":{"line":166,"column":2}},"66":{"start":{"line":155,"column":17},"end":{"line":155,"column":70}},"67":{"start":{"line":156,"column":30},"end":{"line":156,"column":78}},"68":{"start":{"line":157,"column":4},"end":{"line":159,"column":5}},"69":{"start":{"line":158,"column":8},"end":{"line":158,"column":72}},"70":{"start":{"line":160,"column":4},"end":{"line":162,"column":5}},"71":{"start":{"line":161,"column":8},"end":{"line":161,"column":68}},"72":{"start":{"line":163,"column":4},"end":{"line":163,"column":40}},"73":{"start":{"line":164,"column":4},"end":{"line":164,"column":21}},"74":{"start":{"line":165,"column":4},"end":{"line":165,"column":29}},"75":{"start":{"line":168,"column":0},"end":{"line":204,"column":2}},"76":{"start":{"line":169,"column":24},"end":{"line":172,"column":5}},"77":{"start":{"line":173,"column":4},"end":{"line":196,"column":5}},"78":{"start":{"line":174,"column":8},"end":{"line":176,"column":9}},"79":{"start":{"line":175,"column":12},"end":{"line":175,"column":78}},"80":{"start":{"line":178,"column":24},"end":{"line":178,"column":49}},"81":{"start":{"line":183,"column":28},"end":{"line":190,"column":10}},"82":{"start":{"line":192,"column":8},"end":{"line":195,"column":9}},"83":{"start":{"line":197,"column":17},"end":{"line":200,"column":6}},"84":{"start":{"line":201,"column":4},"end":{"line":203,"column":6}},"85":{"start":{"line":206,"column":0},"end":{"line":227,"column":2}},"86":{"start":{"line":207,"column":26},"end":{"line":207,"column":28}},"87":{"start":{"line":209,"column":30},"end":{"line":209,"column":59}},"88":{"start":{"line":211,"column":23},"end":{"line":211,"column":88}},"89":{"start":{"line":214,"column":25},"end":{"line":214,"column":48}},"90":{"start":{"line":216,"column":32},"end":{"line":219,"column":6}},"91":{"start":{"line":221,"column":4},"end":{"line":226,"column":6}},"92":{"start":{"line":229,"column":0},"end":{"line":239,"column":2}},"93":{"start":{"line":231,"column":17},"end":{"line":231,"column":58}},"94":{"start":{"line":232,"column":4},"end":{"line":234,"column":5}},"95":{"start":{"line":233,"column":8},"end":{"line":233,"column":90}},"96":{"start":{"line":235,"column":4},"end":{"line":238,"column":6}},"97":{"start":{"line":241,"column":0},"end":{"line":254,"column":2}},"98":{"start":{"line":242,"column":24},"end":{"line":246,"column":5}},"99":{"start":{"line":247,"column":4},"end":{"line":250,"column":6}},"100":{"start":{"line":251,"column":4},"end":{"line":253,"column":6}},"101":{"start":{"line":256,"column":0},"end":{"line":268,"column":2}},"102":{"start":{"line":257,"column":17},"end":{"line":257,"column":51}},"103":{"start":{"line":258,"column":4},"end":{"line":260,"column":5}},"104":{"start":{"line":259,"column":8},"end":{"line":259,"column":92}},"105":{"start":{"line":261,"column":20},"end":{"line":261,"column":41}},"106":{"start":{"line":262,"column":4},"end":{"line":262,"column":50}},"107":{"start":{"line":263,"column":4},"end":{"line":263,"column":27}},"108":{"start":{"line":264,"column":4},"end":{"line":267,"column":6}}},"fnMap":{"0":{"name":"(anonymous_0)","decl":{"start":{"line":13,"column":40},"end":{"line":13,"column":41}},"loc":{"start":{"line":13,"column":66},"end":{"line":41,"column":1}},"line":13},"1":{"name":"(anonymous_1)","decl":{"start":{"line":43,"column":37},"end":{"line":43,"column":38}},"loc":{"start":{"line":43,"column":63},"end":{"line":63,"column":1}},"line":43},"2":{"name":"(anonymous_2)","decl":{"start":{"line":65,"column":34},"end":{"line":65,"column":35}},"loc":{"start":{"line":65,"column":60},"end":{"line":74,"column":1}},"line":65},"3":{"name":"(anonymous_3)","decl":{"start":{"line":76,"column":42},"end":{"line":76,"column":43}},"loc":{"start":{"line":76,"column":68},"end":{"line":121,"column":1}},"line":76},"4":{"name":"(anonymous_4)","decl":{"start":{"line":105,"column":14},"end":{"line":105,"column":15}},"loc":{"start":{"line":105,"column":31},"end":{"line":115,"column":5}},"line":105},"5":{"name":"(anonymous_5)","decl":{"start":{"line":112,"column":61},"end":{"line":112,"column":62}},"loc":{"start":{"line":112,"column":72},"end":{"line":114,"column":9}},"line":112},"6":{"name":"(anonymous_6)","decl":{"start":{"line":123,"column":41},"end":{"line":123,"column":42}},"loc":{"start":{"line":123,"column":67},"end":{"line":143,"column":1}},"line":123},"7":{"name":"(anonymous_7)","decl":{"start":{"line":145,"column":42},"end":{"line":145,"column":43}},"loc":{"start":{"line":145,"column":68},"end":{"line":152,"column":1}},"line":145},"8":{"name":"(anonymous_8)","decl":{"start":{"line":154,"column":42},"end":{"line":154,"column":43}},"loc":{"start":{"line":154,"column":68},"end":{"line":166,"column":1}},"line":154},"9":{"name":"(anonymous_9)","decl":{"start":{"line":168,"column":41},"end":{"line":168,"column":42}},"loc":{"start":{"line":168,"column":67},"end":{"line":204,"column":1}},"line":168},"10":{"name":"(anonymous_10)","decl":{"start":{"line":206,"column":38},"end":{"line":206,"column":39}},"loc":{"start":{"line":206,"column":64},"end":{"line":227,"column":1}},"line":206},"11":{"name":"(anonymous_11)","decl":{"start":{"line":229,"column":41},"end":{"line":229,"column":42}},"loc":{"start":{"line":229,"column":67},"end":{"line":239,"column":1}},"line":229},"12":{"name":"(anonymous_12)","decl":{"start":{"line":241,"column":42},"end":{"line":241,"column":43}},"loc":{"start":{"line":241,"column":68},"end":{"line":254,"column":1}},"line":241},"13":{"name":"(anonymous_13)","decl":{"start":{"line":256,"column":38},"end":{"line":256,"column":39}},"loc":{"start":{"line":256,"column":64},"end":{"line":268,"column":1}},"line":256}},"branchMap":{"0":{"loc":{"start":{"line":20,"column":4},"end":{"line":22,"column":5}},"type":"if","locations":[{"start":{"line":20,"column":4},"end":{"line":22,"column":5}},{"start":{},"end":{}}],"line":20},"1":{"loc":{"start":{"line":23,"column":4},"end":{"line":25,"column":5}},"type":"if","locations":[{"start":{"line":23,"column":4},"end":{"line":25,"column":5}},{"start":{},"end":{}}],"line":23},"2":{"loc":{"start":{"line":23,"column":8},"end":{"line":23,"column":87}},"type":"binary-expr","locations":[{"start":{"line":23,"column":8},"end":{"line":23,"column":43}},{"start":{"line":23,"column":47},"end":{"line":23,"column":87}}],"line":23},"3":{"loc":{"start":{"line":49,"column":4},"end":{"line":51,"column":5}},"type":"if","locations":[{"start":{"line":49,"column":4},"end":{"line":51,"column":5}},{"start":{},"end":{}}],"line":49},"4":{"loc":{"start":{"line":49,"column":8},"end":{"line":49,"column":27}},"type":"binary-expr","locations":[{"start":{"line":49,"column":8},"end":{"line":49,"column":14}},{"start":{"line":49,"column":18},"end":{"line":49,"column":27}}],"line":49},"5":{"loc":{"start":{"line":55,"column":4},"end":{"line":57,"column":5}},"type":"if","locations":[{"start":{"line":55,"column":4},"end":{"line":57,"column":5}},{"start":{},"end":{}}],"line":55},"6":{"loc":{"start":{"line":59,"column":4},"end":{"line":61,"column":5}},"type":"if","locations":[{"start":{"line":59,"column":4},"end":{"line":61,"column":5}},{"start":{},"end":{}}],"line":59},"7":{"loc":{"start":{"line":80,"column":4},"end":{"line":85,"column":5}},"type":"if","locations":[{"start":{"line":80,"column":4},"end":{"line":85,"column":5}},{"start":{},"end":{}}],"line":80},"8":{"loc":{"start":{"line":92,"column":4},"end":{"line":94,"column":5}},"type":"if","locations":[{"start":{"line":92,"column":4},"end":{"line":94,"column":5}},{"start":{},"end":{}}],"line":92},"9":{"loc":{"start":{"line":132,"column":4},"end":{"line":134,"column":5}},"type":"if","locations":[{"start":{"line":132,"column":4},"end":{"line":134,"column":5}},{"start":{},"end":{}}],"line":132},"10":{"loc":{"start":{"line":135,"column":4},"end":{"line":137,"column":5}},"type":"if","locations":[{"start":{"line":135,"column":4},"end":{"line":137,"column":5}},{"start":{},"end":{}}],"line":135},"11":{"loc":{"start":{"line":157,"column":4},"end":{"line":159,"column":5}},"type":"if","locations":[{"start":{"line":157,"column":4},"end":{"line":159,"column":5}},{"start":{},"end":{}}],"line":157},"12":{"loc":{"start":{"line":160,"column":4},"end":{"line":162,"column":5}},"type":"if","locations":[{"start":{"line":160,"column":4},"end":{"line":162,"column":5}},{"start":{},"end":{}}],"line":160},"13":{"loc":{"start":{"line":173,"column":4},"end":{"line":196,"column":5}},"type":"if","locations":[{"start":{"line":173,"column":4},"end":{"line":196,"column":5}},{"start":{},"end":{}}],"line":173},"14":{"loc":{"start":{"line":173,"column":8},"end":{"line":173,"column":84}},"type":"binary-expr","locations":[{"start":{"line":173,"column":8},"end":{"line":173,"column":23}},{"start":{"line":173,"column":27},"end":{"line":173,"column":49}},{"start":{"line":173,"column":53},"end":{"line":173,"column":84}}],"line":173},"15":{"loc":{"start":{"line":174,"column":8},"end":{"line":176,"column":9}},"type":"if","locations":[{"start":{"line":174,"column":8},"end":{"line":176,"column":9}},{"start":{},"end":{}}],"line":174},"16":{"loc":{"start":{"line":174,"column":12},"end":{"line":174,"column":91}},"type":"binary-expr","locations":[{"start":{"line":174,"column":12},"end":{"line":174,"column":47}},{"start":{"line":174,"column":51},"end":{"line":174,"column":91}}],"line":174},"17":{"loc":{"start":{"line":232,"column":4},"end":{"line":234,"column":5}},"type":"if","locations":[{"start":{"line":232,"column":4},"end":{"line":234,"column":5}},{"start":{},"end":{}}],"line":232},"18":{"loc":{"start":{"line":258,"column":4},"end":{"line":260,"column":5}},"type":"if","locations":[{"start":{"line":258,"column":4},"end":{"line":260,"column":5}},{"start":{},"end":{}}],"line":258}},"s":{"0":36,"1":36,"2":36,"3":36,"4":36,"5":36,"6":36,"7":36,"8":36,"9":36,"10":14,"11":14,"12":2,"13":12,"14":1,"15":11,"16":10,"17":9,"18":36,"19":86,"20":86,"21":0,"22":86,"23":86,"24":13,"25":73,"26":73,"27":3,"28":70,"29":36,"30":2,"31":2,"32":36,"33":11,"34":11,"35":7,"36":4,"37":4,"38":4,"39":1,"40":3,"41":3,"42":3,"43":3,"44":0,"45":0,"46":0,"47":0,"48":0,"49":3,"50":36,"51":0,"52":0,"53":0,"54":0,"55":0,"56":0,"57":0,"58":0,"59":0,"60":0,"61":0,"62":36,"63":3,"64":3,"65":36,"66":7,"67":7,"68":7,"69":2,"70":5,"71":2,"72":3,"73":3,"74":2,"75":36,"76":12,"77":12,"78":8,"79":0,"80":8,"81":8,"82":7,"83":11,"84":10,"85":36,"86":3,"87":3,"88":3,"89":3,"90":3,"91":3,"92":36,"93":5,"94":4,"95":2,"96":2,"97":36,"98":1,"99":1,"100":1,"101":36,"102":1,"103":1,"104":0,"105":1,"106":1,"107":1,"108":1},"f":{"0":14,"1":86,"2":2,"3":11,"4":0,"5":0,"6":0,"7":3,"8":7,"9":12,"10":3,"11":5,"12":1,"13":1},"b":{"0":[2,12],"1":[1,11],"2":[12,12],"3":[0,86],"4":[86,86],"5":[13,73],"6":[3,70],"7":[7,4],"8":[1,3],"9":[0,0],"10":[0,0],"11":[2,5],"12":[2,3],"13":[8,4],"14":[12,8,8],"15":[0,8],"16":[8,8],"17":[2,2],"18":[0,1]},"_coverageSchema":"1a1c01bbd47fc00a2c39e90264f33305004495a9","hash":"0018bcfc6e2029a7a13b8e07acf5577eb3c18603"}
,"/home/paril/Ecommerce-website/backend/middleware/auth.js": {"path":"/home/paril/Ecommerce-website/backend/middleware/auth.js","statementMap":{"0":{"start":{"line":1,"column":21},"end":{"line":1,"column":53}},"1":{"start":{"line":2,"column":25},"end":{"line":2,"column":54}},"2":{"start":{"line":3,"column":12},"end":{"line":3,"column":35}},"3":{"start":{"line":4,"column":13},"end":{"line":4,"column":43}},"4":{"start":{"line":6,"column":0},"end":{"line":24,"column":3}},"5":{"start":{"line":7,"column":22},"end":{"line":7,"column":33}},"6":{"start":{"line":9,"column":4},"end":{"line":11,"column":5}},"7":{"start":{"line":10,"column":8},"end":{"line":10,"column":79}},"8":{"start":{"line":13,"column":24},"end":{"line":13,"column":65}},"9":{"start":{"line":16,"column":4},"end":{"line":16,"column":105}},"10":{"start":{"line":19,"column":4},"end":{"line":21,"column":5}},"11":{"start":{"line":20,"column":8},"end":{"line":20,"column":68}},"12":{"start":{"line":23,"column":4},"end":{"line":23,"column":11}},"13":{"start":{"line":25,"column":0},"end":{"line":32,"column":1}},"14":{"start":{"line":26,"column":4},"end":{"line":31,"column":5}},"15":{"start":{"line":27,"column":8},"end":{"line":29,"column":9}},"16":{"start":{"line":28,"column":12},"end":{"line":28,"column":111}},"17":{"start":{"line":30,"column":8},"end":{"line":30,"column":15}}},"fnMap":{"0":{"name":"(anonymous_0)","decl":{"start":{"line":6,"column":47},"end":{"line":6,"column":48}},"loc":{"start":{"line":6,"column":73},"end":{"line":24,"column":1}},"line":6},"1":{"name":"(anonymous_1)","decl":{"start":{"line":25,"column":26},"end":{"line":25,"column":27}},"loc":{"start":{"line":25,"column":40},"end":{"line":32,"column":1}},"line":25},"2":{"name":"(anonymous_2)","decl":{"start":{"line":26,"column":11},"end":{"line":26,"column":12}},"loc":{"start":{"line":26,"column":31},"end":{"line":31,"column":5}},"line":26}},"branchMap":{"0":{"loc":{"start":{"line":9,"column":4},"end":{"line":11,"column":5}},"type":"if","locations":[{"start":{"line":9,"column":4},"end":{"line":11,"column":5}},{"start":{},"end":{}}],"line":9},"1":{"loc":{"start":{"line":19,"column":4},"end":{"line":21,"column":5}},"type":"if","locations":[{"start":{"line":19,"column":4},"end":{"line":21,"column":5}},{"start":{},"end":{}}],"line":19},"2":{"loc":{"start":{"line":27,"column":8},"end":{"line":29,"column":9}},"type":"if","locations":[{"start":{"line":27,"column":8},"end":{"line":29,"column":9}},{"start":{},"end":{}}],"line":27}},"s":{"0":26,"1":26,"2":26,"3":26,"4":26,"5":56,"6":56,"7":7,"8":49,"9":49,"10":49,"11":3,"12":46,"13":26,"14":267,"15":28,"16":4,"17":24},"f":{"0":56,"1":267,"2":28},"b":{"0":[7,49],"1":[3,46],"2":[4,24]},"_coverageSchema":"1a1c01bbd47fc00a2c39e90264f33305004495a9","hash":"9b19510ff942b5ec99fced67a9db6b0a58e14767"}
,"/home/paril/Ecommerce-website/backend/middleware/catchAsyncErrors.js": {"path":"/home/paril/Ecommerce-website/backend/middleware/catchAsyncErrors.js","statementMap":{"0":{"start":{"line":1,"column":0},"end":{"line":3,"column":1}},"1":{"start":{"line":1,"column":27},"end":{"line":3,"column":1}},"2":{"start":{"line":2,"column":4},"end":{"line":2,"column":55}}},"fnMap":{"0":{"name":"(anonymous_0)","decl":{"start":{"line":1,"column":17},"end":{"line":1,"column":18}},"loc":{"start":{"line":1,"column":27},"end":{"line":3,"column":1}},"line":1},"1":{"name":"(anonymous_1)","decl":{"start":{"line":1,"column":27},"end":{"line":1,"column":28}},"loc":{"start":{"line":1,"column":43},"end":{"line":3,"column":1}},"line":1}},"branchMap":{},"s":{"0":30,"1":803,"2":325},"f":{"0":803,"1":325},"b":{},"_coverageSchema":"1a1c01bbd47fc00a2c39e90264f33305004495a9","hash":"c75770e5ea50d89f5e2b2450d3cbdae4616a1371"}
,"/home/paril/Ecommerce-website/backend/middleware/error.js": {"path":"/home/paril/Ecommerce-website/backend/middleware/error.js","statementMap":{"0":{"start":{"line":1,"column":21},"end":{"line":1,"column":53}},"1":{"start":{"line":2,"column":0},"end":{"line":34,"column":1}},"2":{"start":{"line":3,"column":4},"end":{"line":3,"column":43}},"3":{"start":{"line":4,"column":4},"end":{"line":4,"column":56}},"4":{"start":{"line":6,"column":4},"end":{"line":9,"column":5}},"5":{"start":{"line":7,"column":24},"end":{"line":7,"column":66}},"6":{"start":{"line":8,"column":8},"end":{"line":8,"column":45}},"7":{"start":{"line":11,"column":4},"end":{"line":14,"column":5}},"8":{"start":{"line":12,"column":24},"end":{"line":12,"column":73}},"9":{"start":{"line":13,"column":8},"end":{"line":13,"column":45}},"10":{"start":{"line":16,"column":4},"end":{"line":19,"column":5}},"11":{"start":{"line":17,"column":24},"end":{"line":17,"column":62}},"12":{"start":{"line":18,"column":8},"end":{"line":18,"column":45}},"13":{"start":{"line":21,"column":4},"end":{"line":24,"column":5}},"14":{"start":{"line":22,"column":24},"end":{"line":22,"column":62}},"15":{"start":{"line":23,"column":8},"end":{"line":23,"column":45}},"16":{"start":{"line":26,"column":4},"end":{"line":29,"column":5}},"17":{"start":{"line":27,"column":24},"end":{"line":27,"column":84}},"18":{"start":{"line":27,"column":61},"end":{"line":27,"column":72}},"19":{"start":{"line":28,"column":8},"end":{"line":28,"column":45}},"20":{"start":{"line":30,"column":4},"end":{"line":33,"column":6}}},"fnMap":{"0":{"name":"(anonymous_0)","decl":{"start":{"line":2,"column":17},"end":{"line":2,"column":18}},"loc":{"start":{"line":2,"column":42},"end":{"line":34,"column":1}},"line":2},"1":{"name":"(anonymous_1)","decl":{"start":{"line":27,"column":54},"end":{"line":27,"column":55}},"loc":{"start":{"line":27,"column":61},"end":{"line":27,"column":72}},"line":27}},"branchMap":{"0":{"loc":{"start":{"line":3,"column":21},"end":{"line":3,"column":42}},"type":"binary-expr","locations":[{"start":{"line":3,"column":21},"end":{"line":3,"column":35}},{"start":{"line":3,"column":39},"end":{"line":3,"column":42}}],"line":3},"1":{"loc":{"start":{"line":4,"column":18},"end":{"line":4,"column":56}},"type":"binary-expr","locations":[{"start":{"line":4,"column":18},"end":{"line":4,"column":29}},{"start":{"line":4,"column":33},"end":{"line":4,"column":56}}],"line":4},"2":{"loc":{"start":{"line":6,"column":4},"end":{"line":9,"column":5}},"type":"if","locations":[{"start":{"line":6,"column":4},"end":{"line":9,"column":5}},{"start":{},"end":{}}],"line":6},"3":{"loc":{"start":{"line":11,"column":4},"end":{"line":14,"column":5}},"type":"if","locations":[{"start":{"line":11,"column":4},"end":{"line":14,"column":5}},{"start":{},"end":{}}],"line":11},"4":{"loc":{"start":{"line":16,"column":4},"end":{"line":19,"column":5}},"type":"if","locations":[{"start":{"line":16,"column":4},"end":{"line":19,"column":5}},{"start":{},"end":{}}],"line":16},"5":{"loc":{"start":{"line":21,"column":4},"end":{"line":24,"column":5}},"type":"if","locations":[{"start":{"line":21,"column":4},"end":{"line":24,"column":5}},{"start":{},"end":{}}],"line":21},"6":{"loc":{"start":{"line":26,"column":4},"end":{"line":29,"column":5}},"type":"if","locations":[{"start":{"line":26,"column":4},"end":{"line":29,"column":5}},{"start":{},"end":{}}],"line":26}},"s":{"0":26,"1":26,"2":161,"3":161,"4":161,"5":2,"6":2,"7":161,"8":2,"9":2,"10":161,"11":1,"12":1,"13":161,"14":1,"15":1,"16":161,"17":2,"18":6,"19":2,"20":161},"f":{"0":161,"1":6},"b":{"0":[161,113],"1":[161,6],"2":[2,159],"3":[2,159],"4":[1,160],"5":[1,160],"6":[2,159]},"_coverageSchema":"1a1c01bbd47fc00a2c39e90264f33305004495a9","hash":"a5f8ecf47037afaf399643cca50e8c37f353cb61"}
,"/home/paril/Ecommerce-website/backend/middleware/mongoSanitize.js": {"path":"/home/paril/Ecommerce-website/backend/middleware/mongoSanitize.js","statementMap":{"0":{"start":{"line":2,"column":17},"end":{"line":13,"column":1}},"1":{"start":{"line":3,"column":4},"end":{"line":11,"column":5}},"2":{"start":{"line":4,"column":8},"end":{"line":10,"column":9}},"3":{"start":{"line":5,"column":12},"end":{"line":9,"column":13}},"4":{"start":{"line":6,"column":16},"end":{"line":6,"column":32}},"5":{"start":{"line":8,"column":16},"end":{"line":8,"column":35}},"6":{"start":{"line":12,"column":4},"end":{"line":12,"column":15}},"7":{"start":{"line":15,"column":22},"end":{"line":20,"column":1}},"8":{"start":{"line":16,"column":4},"end":{"line":16,"column":48}},"9":{"start":{"line":16,"column":18},"end":{"line":16,"column":48}},"10":{"start":{"line":17,"column":4},"end":{"line":17,"column":51}},"11":{"start":{"line":17,"column":19},"end":{"line":17,"column":51}},"12":{"start":{"line":18,"column":4},"end":{"line":18,"column":54}},"13":{"start":{"line":18,"column":20},"end":{"line":18,"column":54}},"14":{"start":{"line":19,"column":4},"end":{"line":19,"column":11}},"15":{"start":{"line":22,"column":0},"end":{"line":22,"column":31}}},"fnMap":{"0":{"name":"(anonymous_0)","decl":{"start":{"line":2,"column":17},"end":{"line":2,"column":18}},"loc":{"start":{"line":2,"column":26},"end":{"line":13,"column":1}},"line":2},"1":{"name":"(anonymous_1)","decl":{"start":{"line":15,"column":22},"end":{"line":15,"column":23}},"loc":{"start":{"line":15,"column":42},"end":{"line":20,"column":1}},"line":15}},"branchMap":{"0":{"loc":{"start":{"line":3,"column":4},"end":{"line":11,"column":5}},"type":"if","locations":[{"start":{"line":3,"column":4},"end":{"line":11,"column":5}},{"start":{},"end":{}}],"line":3},"1":{"loc":{"start":{"line":5,"column":12},"end":{"line":9,"column":13}},"type":"if","locations":[{"start":{"line":5,"column":12},"end":{"line":9,"column":13}},{"start":{"line":7,"column":19},"end":{"line":9,"column":13}}],"line":5},"2":{"loc":{"start":{"line":16,"column":4},"end":{"line":16,"column":48}},"type":"if","locations":[{"start":{"line":16,"column":4},"end":{"line":16,"column":48}},{"start":{},"end":{}}],"line":16},"3":{"loc":{"start":{"line":17,"column":4},"end":{"line":17,"column":51}},"type":"if","locations":[{"start":{"line":17,"column":4},"end":{"line":17,"column":51}},{"start":{},"end":{}}],"line":17},"4":{"loc":{"start":{"line":18,"column":4},"end":{"line":18,"column":54}},"type":"if","locations":[{"start":{"line":18,"column":4},"end":{"line":18,"column":54}},{"start":{},"end":{}}],"line":18}},"s":{"0":26,"1":1144,"2":760,"3":417,"4":3,"5":414,"6":1144,"7":26,"8":292,"9":146,"10":292,"11":292,"12":292,"13":292,"14":292,"15":26},"f":{"0":1144,"1":292},"b":{"0":[760,384],"1":[3,414],"2":[146,146],"3":[292,0],"4":[292,0]},"_coverageSchema":"1a1c01bbd47fc00a2c39e90264f33305004495a9","hash":"c40ebfd96dfd85cb779370a7d82c1f7e560863f3"}
,"/home/paril/Ecommerce-website/backend/middleware/multer.js": {"path":"/home/paril/Ecommerce-website/backend/middleware/multer.js","statementMap":{"0":{"start":{"line":1,"column":15},"end":{"line":1,"column":32}},"1":{"start":{"line":5,"column":16},"end":{"line":5,"column":38}},"2":{"start":{"line":7,"column":15},"end":{"line":10,"column":2}},"3":{"start":{"line":12,"column":0},"end":{"line":12,"column":24}}},"fnMap":{},"branchMap":{},"s":{"0":25,"1":25,"2":25,"3":25},"f":{},"b":{},"_coverageSchema":"1a1c01bbd47fc00a2c39e90264f33305004495a9","hash":"b137d7041601a43f206e845f3cb0d004acc648e8"}
,"/home/paril/Ecommerce-website/backend/middleware/rateLimiter.js": {"path":"/home/paril/Ecommerce-website/backend/middleware/rateLimiter.js","statementMap":{"0":{"start":{"line":1,"column":20},"end":{"line":53,"column":1}},"1":{"start":{"line":2,"column":20},"end":{"line":2,"column":29}},"2":{"start":{"line":5,"column":19},"end":{"line":13,"column":20}},"3":{"start":{"line":6,"column":16},"end":{"line":6,"column":26}},"4":{"start":{"line":7,"column":4},"end":{"line":12,"column":5}},"5":{"start":{"line":9,"column":8},"end":{"line":11,"column":9}},"6":{"start":{"line":10,"column":12},"end":{"line":10,"column":33}},"7":{"start":{"line":16,"column":2},"end":{"line":16,"column":39}},"8":{"start":{"line":16,"column":22},"end":{"line":16,"column":39}},"9":{"start":{"line":18,"column":2},"end":{"line":52,"column":4}},"10":{"start":{"line":20,"column":4},"end":{"line":22,"column":5}},"11":{"start":{"line":21,"column":6},"end":{"line":21,"column":20}},"12":{"start":{"line":24,"column":15},"end":{"line":24,"column":21}},"13":{"start":{"line":25,"column":16},"end":{"line":25,"column":26}},"14":{"start":{"line":27,"column":4},"end":{"line":30,"column":5}},"15":{"start":{"line":28,"column":6},"end":{"line":28,"column":54}},"16":{"start":{"line":29,"column":6},"end":{"line":29,"column":20}},"17":{"start":{"line":32,"column":24},"end":{"line":32,"column":41}},"18":{"start":{"line":35,"column":4},"end":{"line":39,"column":5}},"19":{"start":{"line":37,"column":6},"end":{"line":37,"column":54}},"20":{"start":{"line":38,"column":6},"end":{"line":38,"column":20}},"21":{"start":{"line":42,"column":4},"end":{"line":47,"column":5}},"22":{"start":{"line":43,"column":6},"end":{"line":46,"column":9}},"23":{"start":{"line":50,"column":4},"end":{"line":50,"column":24}},"24":{"start":{"line":51,"column":4},"end":{"line":51,"column":11}},"25":{"start":{"line":55,"column":0},"end":{"line":55,"column":29}}},"fnMap":{"0":{"name":"(anonymous_0)","decl":{"start":{"line":1,"column":20},"end":{"line":1,"column":21}},"loc":{"start":{"line":1,"column":55},"end":{"line":53,"column":1}},"line":1},"1":{"name":"(anonymous_1)","decl":{"start":{"line":5,"column":31},"end":{"line":5,"column":32}},"loc":{"start":{"line":5,"column":37},"end":{"line":13,"column":3}},"line":5},"2":{"name":"(anonymous_2)","decl":{"start":{"line":18,"column":9},"end":{"line":18,"column":10}},"loc":{"start":{"line":18,"column":29},"end":{"line":52,"column":3}},"line":18}},"branchMap":{"0":{"loc":{"start":{"line":9,"column":8},"end":{"line":11,"column":9}},"type":"if","locations":[{"start":{"line":9,"column":8},"end":{"line":11,"column":9}},{"start":{},"end":{}}],"line":9},"1":{"loc":{"start":{"line":16,"column":2},"end":{"line":16,"column":39}},"type":"if","locations":[{"start":{"line":16,"column":2},"end":{"line":16,"column":39}},{"start":{},"end":{}}],"line":16},"2":{"loc":{"start":{"line":20,"column":4},"end":{"line":22,"column":5}},"type":"if","locations":[{"start":{"line":20,"column":4},"end":{"line":22,"column":5}},{"start":{},"end":{}}],"line":20},"3":{"loc":{"start":{"line":20,"column":8},"end":{"line":20,"column":71}},"type":"binary-expr","locations":[{"start":{"line":20,"column":8},"end":{"line":20,"column":39}},{"start":{"line":20,"column":43},"end":{"line":20,"column":71}}],"line":20},"4":{"loc":{"start":{"line":27,"column":4},"end":{"line":30,"column":5}},"type":"if","locations":[{"start":{"line":27,"column":4},"end":{"line":30,"column":5}},{"start":{},"end":{}}],"line":27},"5":{"loc":{"start":{"line":35,"column":4},"end":{"line":39,"column":5}},"type":"if","locations":[{"st
[...]
,"/home/paril/Ecommerce-website/backend/schemas/userZodSchema.js": {"path":"/home/paril/Ecommerce-website/backend/schemas/userZodSchema.js","statementMap":{"0":{"start":{"line":1,"column":14},"end":{"line":1,"column":28}},"1":{"start":{"line":3,"column":23},"end":{"line":8,"column":2}},"2":{"start":{"line":10,"column":20},"end":{"line":13,"column":2}},"3":{"start":{"line":15,"column":28},"end":{"line":19,"column":2}},"4":{"start":{"line":21,"column":29},"end":{"line":23,"column":2}},"5":{"start":{"line":25,"column":28},"end":{"line":31,"column":2}},"6":{"start":{"line":28,"column":20},"end":{"line":28,"column":58}},"7":{"start":{"line":33,"column":0},"end":{"line":39,"column":2}}},"fnMap":{"0":{"name":"(anonymous_0)","decl":{"start":{"line":28,"column":10},"end":{"line":28,"column":11}},"loc":{"start":{"line":28,"column":20},"end":{"line":28,"column":58}},"line":28}},"branchMap":{},"s":{"0":25,"1":25,"2":25,"3":25,"4":25,"5":25,"6":2,"7":25},"f":{"0":2},"b":{},"_coverageSchema":"1a1c01bbd47fc00a2c39e90264f33305004495a9","hash":"90b698e7be1a82e337c1e8a1cb43d2d336bb85bb"}
,"/home/paril/Ecommerce-website/backend/utils/apifeatures.js": {"path":"/home/paril/Ecommerce-website/backend/utils/apifeatures.js","statementMap":{"0":{"start":{"line":3,"column":4},"end":{"line":3,"column":60}},"1":{"start":{"line":8,"column":25},"end":{"line":16,"column":1}},"2":{"start":{"line":20,"column":8},"end":{"line":20,"column":26}},"3":{"start":{"line":21,"column":8},"end":{"line":21,"column":32}},"4":{"start":{"line":24,"column":24},"end":{"line":30,"column":14}},"5":{"start":{"line":31,"column":8},"end":{"line":33,"column":10}},"6":{"start":{"line":34,"column":8},"end":{"line":34,"column":20}},"7":{"start":{"line":37,"column":26},"end":{"line":37,"column":46}},"8":{"start":{"line":39,"column":29},"end":{"line":39,"column":57}},"9":{"start":{"line":41,"column":8},"end":{"line":41,"column":61}},"10":{"start":{"line":41,"column":38},"end":{"line":41,"column":59}},"11":{"start":{"line":44,"column":23},"end":{"line":44,"column":48}},"12":{"start":{"line":45,"column":8},"end":{"line":45,"column":80}},"13":{"start":{"line":45,"column":69},"end":{"line":45,"column":78}},"14":{"start":{"line":47,"column":23},"end":{"line":47,"column":43}},"15":{"start":{"line":50,"column":8},"end":{"line":58,"column":9}},"16":{"start":{"line":51,"column":12},"end":{"line":57,"column":13}},"17":{"start":{"line":52,"column":16},"end":{"line":56,"column":17}},"18":{"start":{"line":53,"column":20},"end":{"line":55,"column":21}},"19":{"start":{"line":54,"column":24},"end":{"line":54,"column":70}},"20":{"start":{"line":61,"column":8},"end":{"line":74,"column":9}},"21":{"start":{"line":62,"column":36},"end":{"line":62,"column":115}},"22":{"start":{"line":62,"column":63},"end":{"line":62,"column":114}},"23":{"start":{"line":64,"column":12},"end":{"line":73,"column":13}},"24":{"start":{"line":66,"column":16},"end":{"line":66,"column":52}},"25":{"start":{"line":69,"column":16},"end":{"line":72,"column":18}},"26":{"start":{"line":76,"column":8},"end":{"line":76,"column":47}},"27":{"start":{"line":78,"column":8},"end":{"line":78,"column":20}},"28":{"start":{"line":81,"column":28},"end":{"line":81,"column":59}},"29":{"start":{"line":82,"column":21},"end":{"line":82,"column":54}},"30":{"start":{"line":83,"column":8},"end":{"line":83,"column":63}},"31":{"start":{"line":84,"column":8},"end":{"line":84,"column":20}},"32":{"start":{"line":87,"column":0},"end":{"line":87,"column":28}}},"fnMap":{"0":{"name":"escapeRegex","decl":{"start":{"line":2,"column":9},"end":{"line":2,"column":20}},"loc":{"start":{"line":2,"column":27},"end":{"line":4,"column":1}},"line":2},"1":{"name":"(anonymous_1)","decl":{"start":{"line":19,"column":4},"end":{"line":19,"column":5}},"loc":{"start":{"line":19,"column":33},"end":{"line":22,"column":5}},"line":19},"2":{"name":"(anonymous_2)","decl":{"start":{"line":23,"column":4},"end":{"line":23,"column":5}},"loc":{"start":{"line":23,"column":13},"end":{"line":35,"column":5}},"line":23},"3":{"name":"(anonymous_3)","decl":{"start":{"line":36,"column":4},"end":{"line":36,"column":5}},"loc":{"start":{"line":36,"column":13},"end":{"line":79,"column":5}},"line":36},"4":{"name":"(anonymous_4)","decl":{"start":{"line":41,"column":29},"end":{"line":41,"column":30}},"loc":{"start":{"line":41,"column":38},"end":{"line":41,"column":59}},"line":41},"5":{"name":"(anonymous_5)","decl":{"start":{"line":45,"column":60},"end":{"line":45,"column":61}},"loc":{"start":{"line":45,"column":69},"end":{"line":45,"column":78}},"line":45},"6":{"name":"(anonymous_6)","decl":{"start":{"line":62,"column":58},"end":{"line":62,"column":59}},"loc":{"start":{"line":62,"column":63},"end":{"line":62,"column":114}},"line":62},"7":{"name":"(anonymous_7)","decl":{"start":{"line":80,"column":4},"end":{"line":80,"column":5}},"loc":{"start":{"line":80,"column":30},"end":{"line":85,"column":5}},"line":80}},"branchMap":{"0":{"loc":{"start":{"line":24,"column":24},"end":{"line":30,"column":14}},"type":"cond-expr","locations":[{"start":{"line":24,"column":48},"end":{"line":30,"column":9}},{"start":{"line":30,"column":12},"end":{"line":30,"column":14}}],"line":24},"1":{"loc":{"start":{"line":51,"column":12},"end":{"line":57,"column":13}},"type":"if","locations":[{"start":{"line":51,"column":12},"end":{"line":57,"column":13}},{"start":{},"end":{}}],"line":51},"2":{"loc":{"start":{"line":53,"column":20},"end":{"line":55,"column":21}},"type":"if","locations":[{"start":{"line":53,"column":20},"end":{"line":55,"column":21}},{"start":{},"end":{}}],"line":53},"3":{"loc":{"start":{"line":61,"column":8},"end":{"line":74,"column":9}},"type":"if","locations":[{"start":{"line":61,"column":8},"end":{"line":74,"column":9}},{"start":{},"end":{}}],"line":61},"4":{"loc":{"start":{"line":61,"column":12},"end":{"line":61,"column":70}},"type":"binary-expr","locations":[{"start":{"line":61,"column":12},"end":{"line":61,"column":29}},{"start":{"line":61,"column":33},"end":{"line":61,"column":70}}],"line":61},"5":{"loc":{"start":{"line":64,"column":12},"end":{"line":73,"column":13}},"type":"if","locations":[{"start":{"line":64,"column":12},"end":{"line":73,"column":13}},{"start":{"line":67,"column":19},"end":{"line":73,"column":13}}],"line":64},"6":{"loc":{"start":{"line":81,"column":28},"end":{"line":81,"column":59}},"type":"binary-expr","locations":[{"start":{"line":81,"column":28},"end":{"line":81,"column":54}},{"start":{"line":81,"column":58},"end":{"line":81,"column":59}}],"line":81}},"s":{"0":3,"1":62,"2":39,"3":39,"4":21,"5":21,"6":21,"7":27,"8":27,"9":27,"10":81,"11":27,"12":27,"13":17,"14":27,"15":27,"16":21,"17":14,"18":18,"19":17,"20":27,"21":7,"22":26,"23":7,"24":4,"25":3,"26":27,"27":27,"28":27,"29":27,"30":27,"31":27,"32":62},"f":{"0":3,"1":39,"2":21,"3":27,"4":81,"5":17,"6":26,"7":27},"b":{"0":[6,15],"1":[14,7],"2":[17,1],"3":[7,20],"4":[27,7],"5":[4,3],"6":[27,16]},"_coverageSchema":"1a1c01bbd47fc00a2c39e90264f33305004495a9","hash":"5c51b5383c1219b4cc35dec8bc8c12364d4a4bc5"}
,"/home/paril/Ecommerce-website/backend/utils/errorhandler.js": {"path":"/home/paril/Ecommerce-website/backend/utils/errorhandler.js","statementMap":{"0":{"start":{"line":3,"column":8},"end":{"line":3,"column":23}},"1":{"start":{"line":4,"column":8},"end":{"line":4,"column":37}},"2":{"start":{"line":5,"column":8},"end":{"line":5,"column":55}},"3":{"start":{"line":8,"column":0},"end":{"line":8,"column":29}}},"fnMap":{"0":{"name":"(anonymous_0)","decl":{"start":{"line":2,"column":4},"end":{"line":2,"column":5}},"loc":{"start":{"line":2,"column":35},"end":{"line":6,"column":5}},"line":2}},"branchMap":{},"s":{"0":80,"1":80,"2":80,"3":63},"f":{"0":80},"b":{},"_coverageSchema":"1a1c01bbd47fc00a2c39e90264f33305004495a9","hash":"5acc009815ea158e10ab7f98c2c5e931a1237182"}
,"/home/paril/Ecommerce-website/backend/utils/imageHandler.js": {"path":"/home/paril/Ecommerce-website/backend/utils/imageHandler.js","statementMap":{"0":{"start":{"line":1,"column":19},"end":{"line":1,"column":40}},"1":{"start":{"line":8,"column":28},"end":{"line":46,"column":1}},"2":{"start":{"line":9,"column":17},"end":{"line":9,"column":19}},"3":{"start":{"line":11,"column":4},"end":{"line":15,"column":5}},"4":{"start":{"line":12,"column":8},"end":{"line":12,"column":36}},"5":{"start":{"line":14,"column":8},"end":{"line":14,"column":32}},"6":{"start":{"line":16,"column":25},"end":{"line":16,"column":27}},"7":{"start":{"line":17,"column":27},"end":{"line":17,"column":29}},"8":{"start":{"line":19,"column":4},"end":{"line":25,"column":7}},"9":{"start":{"line":20,"column":8},"end":{"line":24,"column":9}},"10":{"start":{"line":21,"column":12},"end":{"line":21,"column":35}},"11":{"start":{"line":23,"column":12},"end":{"line":23,"column":37}},"12":{"start":{"line":27,"column":27},"end":{"line":27,"column":87}},"13":{"start":{"line":27,"column":55},"end":{"line":27,"column":86}},"14":{"start":{"line":29,"column":31},"end":{"line":42,"column":6}},"15":{"start":{"line":31,"column":48},"end":{"line":31,"column":95}},"16":{"start":{"line":34,"column":27},"end":{"line":36,"column":14}},"17":{"start":{"line":37,"column":12},"end":{"line":40,"column":14}},"18":{"start":{"line":44,"column":30},"end":{"line":44,"column":89}},"19":{"start":{"line":44,"column":58},"end":{"line":44,"column":88}},"20":{"start":{"line":45,"column":4},"end":{"line":45,"column":53}},"21":{"start":{"line":47,"column":22},"end":{"line":91,"column":1}},"22":{"start":{"line":48,"column":21},"end":{"line":48,"column":23}},"23":{"start":{"line":50,"column":4},"end":{"line":89,"column":5}},"24":{"start":{"line":51,"column":8},"end":{"line":68,"column":12}},"25":{"start":{"line":52,"column":12},"end":{"line":67,"column":15}},"26":{"start":{"line":53,"column":37},"end":{"line":65,"column":17}},"27":{"start":{"line":59,"column":24},"end":{"line":59,"column":56}},"28":{"start":{"line":59,"column":35},"end":{"line":59,"column":56}},"29":{"start":{"line":60,"column":24},"end":{"line":63,"column":27}},"30":{"start":{"line":66,"column":16},"end":{"line":66,"column":46}},"31":{"start":{"line":71,"column":21},"end":{"line":71,"column":23}},"32":{"start":{"line":72,"column":8},"end":{"line":76,"column":9}},"33":{"start":{"line":73,"column":12},"end":{"line":73,"column":35}},"34":{"start":{"line":74,"column":15},"end":{"line":76,"column":9}},"35":{"start":{"line":75,"column":12},"end":{"line":75,"column":31}},"36":{"start":{"line":77,"column":8},"end":{"line":88,"column":9}},"37":{"start":{"line":78,"column":12},"end":{"line":87,"column":16}},"38":{"start":{"line":79,"column":31},"end":{"line":82,"column":18}},"39":{"start":{"line":83,"column":16},"end":{"line":86,"column":18}},"40":{"start":{"line":90,"column":4},"end":{"line":90,"column":22}},"41":{"start":{"line":92,"column":0},"end":{"line":92,"column":56}}},"fnMap":{"0":{"name":"(anonymous_0)","decl":{"start":{"line":8,"column":28},"end":{"line":8,"column":29}},"loc":{"start":{"line":8,"column":69},"end":{"line":46,"column":1}},"line":8},"1":{"name":"(anonymous_1)","decl":{"start":{"line":19,"column":19},"end":{"line":19,"column":20}},"loc":{"start":{"line":19,"column":26},"end":{"line":25,"column":5}},"line":19},"2":{"name":"(anonymous_2)","decl":{"start":{"line":27,"column":48},"end":{"line":27,"column":49}},"loc":{"start":{"line":27,"column":55},"end":{"line":27,"column":86}},"line":27},"3":{"name":"(anonymous_3)","decl":{"start":{"line":31,"column":39},"end":{"line":31,"column":40}},"loc":{"start":{"line":31,"column":48},"end":{"line":31,"column":95}},"line":31},"4":{"name":"(anonymous_4)","decl":{"start":{"line":33,"column":39},"end":{"line":33,"column":40}},"loc":{"start":{"line":33,"column":56},"end":{"line":41,"column":9}},"line":33},"5":{"name":"(anonymous_5)","decl":{"start":{"line":44,"column":51},"end":{"line":44,"column":52}},"loc":{"start":{"line":44,"column":58},"end":{"line":44,"column":88}},"line":44},"6":{"name":"(anonymous_6)","decl":{"start":{"line":47,"column":22},"end":{"line":47,"column":23}},"loc":{"start":{"line":47,"column":51},"end":{"line":91,"column":1}},"line":47},"7":{"name":"(anonymous_7)","decl":{"start":{"line":51,"column":49},"end":{"line":51,"column":50}},"loc":{"start":{"line":51,"column":59},"end":{"line":68,"column":9}},"line":51},"8":{"name":"(anonymous_8)","decl":{"start":{"line":52,"column":31},"end":{"line":52,"column":32}},"loc":{"start":{"line":52,"column":52},"end":{"line":67,"column":13}},"line":52},"9":{"name":"(anonymous_9)","decl":{"start":{"line":58,"column":20},"end":{"line":58,"column":21}},"loc":{"start":{"line":58,"column":39},"end":{"line":64,"column":21}},"line":58},"10":{"name":"(anonymous_10)","decl":{"start":{"line":78,"column":54},"end":{"line":78,"column":55}},"loc":{"start":{"line":78,"column":71},"end":{"line":87,"column":13}},"line":78}},"branchMap":{"0":{"loc":{"start":{"line":11,"column":4},"end":{"line":15,"column":5}},"type":"if","locations":[{"start":{"line":11,"column":4},"end":{"line":15,"column":5}},{"start":{"line":13,"column":11},"end":{"line":15,"column":5}}],"line":11},"1":{"loc":{"start":{"line":20,"column":8},"end":{"line":24,"column":9}},"type":"if","locations":[{"start":{"line":20,"column":8},"end":{"line":24,"column":9}},{"start":{"line":22,"column":15},"end":{"line":24,"column":9}}],"line":20},"2":{"loc":{"start":{"line":20,"column":12},"end":{"line":20,"column":61}},"type":"binary-expr","locations":[{"start":{"line":20,"column":12},"end":{"line":20,"column":35}},{"start":{"line":20,"column":39},"end":{"line":20,"column":61}}],"line":20},"3":{"loc":{"start":{"line":50,"column":4},"end":{"line":89,"column":5}},"type":"if","locations":[{"start":{"line":50,"column":4},"end":{"line":89,"column":5}},{"start":{"line":69,"column":11},"end":{"line":89,"column":5}}],"line":50},"4":{"loc":{"start":{"line":50,"column":8},"end":{"line":50,"column":33}},"type":"binary-expr","locations":[{"start":{"line":50,"column":8},"end":{"line":50,"column":13}},{"start":{"line":50,"column":17},"end":{"line":50,"column":33}}],"line":50},"5":{"loc":{"start":{"line":59,"column":24},"end":{"line":59,"column":56}},"type":"if","locations":[{"start":{"line":59,"column":24},"end":{"line":59,"column":56}},{"start":{},"end":{}}],"line":59},"6":{"loc":{"start":{"line":72,"column":8},"end":{"line":76,"column":9}},"type":"if","locations":[{"start":{"line":72,"column":8},"end":{"line":76,"column":9}},{"start":{"line":74,"column":15},"end":{"line":76,"column":9}}],"line":72},"7":{"loc":{"start":{"line":74,"column":15},"end":{"line":76,"column":9}},"type":"if","locations":[{"start":{"line":74,"column":15},"end":{"line":76,"column":9}},{"start":{},"end":{}}],"line":74},"8":{"loc":{"start":{"line":77,"column":8},"end":{"line":88,"column":9}},"type":"if","locations":[{"start":{"line":77,"column":8},"end":{"line":88,"column":9}},{"start":{},"end":{}}],"line":77}},"s":{"0":39,"1":39,"2":6,"3":6,"4":1,"5":5,"6":6,"7":6,"8":6,"9":16,"10":2,"11":14,"12":6,"13":18,"14":6,"15":16,"16":14,"17":14,"18":6,"19":18,"20":6,"21":39,"22":9,"23":9,"24":3,"25":14,"26":14,"27":14,"28":0,"29":14,"30":14,"31":6,"32":6,"33":0,"34":6,"35":4,"36":6,"37":4,"38":14,"39":14,"40":9,"41":39},"f":{"0":6,"1":16,"2":18,"3":16,"4":14,"5":18,"6":9,"7":14,"8":14,"9":14,"10":14},"b":{"0":[1,5],"1":[2,14],"2":[16,16],"3":[3,6],"4":[9,3],"5":[0,14],"6":[0,6],"7":[4,2],"8":[4,2]},"_coverageSchema":"1a1c01bbd47fc00a2c39e90264f33305004495a9","hash":"f9b3be2650b2bc73a2615d843829dfb57db4cf76"}
,"/home/paril/Ecommerce-website/backend/utils/jwtToken.js": {"path":"/home/paril/Ecommerce-website/backend/utils/jwtToken.js","statementMap":{"0":{"start":{"line":2,"column":18},"end":{"line":17,"column":1}},"1":{"start":{"line":3,"column":18},"end":{"line":3,"column":36}},"2":{"start":{"line":5,"column":20},"end":{"line":12,"column":5}},"3":{"start":{"line":13,"column":4},"end":{"line":16,"column":6}},"4":{"start":{"line":18,"column":0},"end":{"line":18,"column":26}}},"fnMap":{"0":{"name":"(anonymous_0)","decl":{"start":{"line":2,"column":18},"end":{"line":2,"column":19}},"loc":{"start":{"line":2,"column":45},"end":{"line":17,"column":1}},"line":2}},"branchMap":{"0":{"loc":{"start":{"line":10,"column":16},"end":{"line":10,"column":94}},"type":"binary-expr","locations":[{"start":{"line":10,"column":16},"end":{"line":10,"column":53}},{"start":{"line":10,"column":57},"end":{"line":10,"column":94}}],"line":10}},"s":{"0":35,"1":83,"2":83,"3":83,"4":35},"f":{"0":83},"b":{"0":[83,82]},"_coverageSchema":"1a1c01bbd47fc00a2c39e90264f33305004495a9","hash":"f4a9bdd835aa944fd7b3cf4f6aeeed6323737017"}
,"/home/paril/Ecommerce-website/backend/utils/pricing.js": {"path":"/home/paril/Ecommerce-website/backend/utils/pricing.js","statementMap":{"0":{"start":{"line":1,"column":17},"end":{"line":1,"column":21}},"1":{"start":{"line":2,"column":27},"end":{"line":2,"column":31}},"2":{"start":{"line":3,"column":21},"end":{"line":3,"column":24}},"3":{"start":{"line":10,"column":29},"end":{"line":27,"column":1}},"4":{"start":{"line":11,"column":18},"end":{"line":11,"column":36}},"5":{"start":{"line":14,"column":21},"end":{"line":14,"column":37}},"6":{"start":{"line":17,"column":26},"end":{"line":17,"column":71}},"7":{"start":{"line":20,"column":23},"end":{"line":20,"column":55}},"8":{"start":{"line":22,"column":4},"end":{"line":26,"column":6}},"9":{"start":{"line":29,"column":0},"end":{"line":34,"column":2}}},"fnMap":{"0":{"name":"(anonymous_0)","decl":{"start":{"line":10,"column":29},"end":{"line":10,"column":30}},"loc":{"start":{"line":10,"column":45},"end":{"line":27,"column":1}},"line":10}},"branchMap":{"0":{"loc":{"start":{"line":17,"column":26},"end":{"line":17,"column":71}},"type":"cond-expr","locations":[{"start":{"line":17,"column":55},"end":{"line":17,"column":56}},{"start":{"line":17,"column":59},"end":{"line":17,"column":71}}],"line":17}},"s":{"0":36,"1":36,"2":36,"3":36,"4":21,"5":21,"6":21,"7":21,"8":21,"9":36},"f":{"0":21},"b":{"0":[2,19]},"_coverageSchema":"1a1c01bbd47fc00a2c39e90264f33305004495a9","hash":"e4ffd2fab346727b93f626662ea53446577b84fc"}
,"/home/paril/Ecommerce-website/backend/utils/sendEmail.js": {"path":"/home/paril/Ecommerce-website/backend/utils/sendEmail.js","statementMap":{"0":{"start":{"line":1,"column":19},"end":{"line":1,"column":36}},"1":{"start":{"line":3,"column":18},"end":{"line":17,"column":1}},"2":{"start":{"line":4,"column":19},"end":{"line":4,"column":57}},"3":{"start":{"line":6,"column":4},"end":{"line":16,"column":5}},"4":{"start":{"line":7,"column":8},"end":{"line":12,"column":11}},"5":{"start":{"line":14,"column":8},"end":{"line":14,"column":54}},"6":{"start":{"line":15,"column":8},"end":{"line":15,"column":48}},"7":{"start":{"line":19,"column":0},"end":{"line":19,"column":27}}},"fnMap":{"0":{"name":"(anonymous_0)","decl":{"start":{"line":3,"column":18},"end":{"line":3,"column":19}},"loc":{"start":{"line":3,"column":37},"end":{"line":17,"column":1}},"line":3}},"branchMap":{},"s":{"0":33,"1":33,"2":2,"3":2,"4":2,"5":0,"6":0,"7":33},"f":{"0":2},"b":{},"_coverageSchema":"1a1c01bbd47fc00a2c39e90264f33305004495a9","hash":"07e81ef60d891f241ed56d978e9ca2bed9e0da2f"}
}
