TN:
SF:backend/app.js
FN:52,(anonymous_0)
FN:57,(anonymous_1)
FN:86,(anonymous_2)
FNF:3
FNH:2
FNDA:0,(anonymous_0)
FNDA:291,(anonymous_1)
FNDA:3,(anonymous_2)
DA:1,25
DA:2,25
DA:3,25
DA:6,25
DA:8,25
DA:9,25
DA:10,25
DA:11,25
DA:14,25
DA:23,25
DA:26,25
DA:29,25
DA:30,25
DA:31,25
DA:33,25
DA:38,25
DA:41,25
DA:42,25
DA:43,25
DA:48,25
DA:49,25
DA:51,25
DA:52,0
DA:56,25
DA:59,291
DA:61,2
DA:62,1
DA:64,1
DA:71,25
DA:74,25
DA:75,25
DA:76,25
DA:77,25
DA:81,25
DA:82,25
DA:83,25
DA:84,25
DA:86,25
DA:87,3
DA:90,25
DA:94,25
LF:41
LH:40
BRDA:52,0,0,0
BRDA:52,0,1,25
BRDA:59,1,0,289
BRDA:59,1,1,2
BRDA:61,2,0,1
BRDA:61,2,1,1
BRF:6
BRH:5
end_of_record
TN:
SF:backend/controllers/orderController.js
FN:11,(anonymous_0)
FN:27,(anonymous_1)
FN:39,(anonymous_2)
FN:42,(anonymous_3)
FN:126,(anonymous_4)
FN:158,(anonymous_5)
FN:174,(anonymous_6)
FN:225,(anonymous_7)
FN:240,(anonymous_8)
FN:270,(anonymous_9)
FNF:10
FNH:10
FNDA:2,(anonymous_0)
FNDA:14,(anonymous_1)
FNDA:17,(anonymous_2)
FNDA:16,(anonymous_3)
FNDA:7,(anonymous_4)
FNDA:2,(anonymous_5)
FNDA:3,(anonymous_6)
FNDA:8,(anonymous_7)
FNDA:11,(anonymous_8)
FNDA:1,(anonymous_9)
DA:1,35
DA:2,35
DA:3,35
DA:4,35
DA:5,35
DA:6,35
DA:7,35
DA:8,35
DA:11,35
DA:12,2
DA:14,2
DA:15,0
DA:18,2
DA:20,2
DA:27,35
DA:36,14
DA:39,17
DA:40,14
DA:42,16
DA:44,14
DA:45,14
DA:47,17
DA:48,0
DA:50,17
DA:51,17
DA:52,1
DA:54,16
DA:58,13
DA:59,1
DA:67,12
DA:69,12
DA:70,1
DA:73,11
DA:74,1
DA:77,10
DA:78,1
DA:82,9
DA:83,0
DA:86,9
DA:88,9
DA:89,1
DA:92,8
DA:93,1
DA:98,7
DA:99,1
DA:103,6
DA:104,6
DA:105,1
DA:108,5
DA:119,5
DA:126,35
DA:129,7
DA:130,7
DA:131,1
DA:135,6
DA:136,1
DA:140,5
DA:141,3
DA:148,2
DA:149,2
DA:152,5
DA:158,35
DA:162,2
DA:168,2
DA:174,35
DA:175,3
DA:177,3
DA:179,3
DA:183,3
DA:184,1
DA:194,3
DA:198,3
DA:200,3
DA:207,3
DA:208,1
DA:211,3
DA:218,3
DA:219,1
DA:222,3
DA:225,35
DA:226,8
DA:227,8
DA:228,0
DA:230,8
DA:231,0
DA:234,8
DA:235,1
DA:239,7
DA:240,11
DA:247,7
DA:248,7
DA:249,7
DA:250,2
DA:255,5
DA:256,5
DA:257,0
DA:259,5
DA:262,5
DA:270,35
DA:271,1
DA:272,1
DA:273,0
DA:275,1
DA:276,1
LF:104
LH:97
BRDA:14,0,0,0
BRDA:14,0,1,2
BRDA:47,1,0,0
BRDA:47,1,1,17
BRDA:47,2,0,17
BRDA:47,2,1,17
BRDA:51,3,0,1
BRDA:51,3,1,16
BRDA:58,4,0,1
BRDA:58,4,1,12
BRDA:58,5,0,13
BRDA:58,5,1,13
BRDA:69,6,0,1
BRDA:69,6,1,11
BRDA:69,7,0,12
BRDA:69,7,1,12
BRDA:73,8,0,1
BRDA:73,8,1,10
BRDA:73,9,0,11
BRDA:73,9,1,11
BRDA:77,10,0,1
BRDA:77,10,1,9
BRDA:77,11,0,10
BRDA:77,11,1,10
BRDA:82,12,0,0
BRDA:82,12,1,9
BRDA:82,13,0,9
BRDA:82,13,1,9
BRDA:88,14,0,1
BRDA:88,14,1,8
BRDA:92,15,0,1
BRDA:92,15,1,7
BRDA:98,16,0,1
BRDA:98,16,1,6
BRDA:104,17,0,1
BRDA:104,17,1,5
BRDA:130,18,0,1
BRDA:130,18,1,6
BRDA:135,19,0,1
BRDA:135,19,1,5
BRDA:135,20,0,6
BRDA:135,20,1,3
BRDA:140,21,0,3
BRDA:140,21,1,2
BRDA:183,22,0,1
BRDA:183,22,1,2
BRDA:207,23,0,1
BRDA:207,23,1,2
BRDA:208,24,0,1
BRDA:208,24,1,0
BRDA:218,25,0,1
BRDA:218,25,1,2
BRDA:227,26,0,0
BRDA:227,26,1,8
BRDA:230,27,0,0
BRDA:230,27,1,8
BRDA:234,28,0,1
BRDA:234,28,1,7
BRDA:234,29,0,8
BRDA:234,29,1,1
BRDA:239,30,0,7
BRDA:239,30,1,0
BRDA:247,31,0,7
BRDA:247,31,1,0
BRDA:249,32,0,2
BRDA:249,32,1,5
BRDA:256,33,0,0
BRDA:256,33,1,5
BRDA:272,34,0,0
BRDA:272,34,1,1
BRF:70
BRH:60
end_of_record
TN:
SF:backend/controllers/paymentController.js
FN:6,(anonymous_0)
FN:13,(anonymous_1)
FN:20,(anonymous_2)
FN:54,(anonymous_3)
FNF:4
FNH:4
FNDA:9,(anonymous_0)
FNDA:10,(anonymous_1)
FNDA:8,(anonymous_2)
FNDA:1,(anonymous_3)
DA:1,27
DA:2,27
DA:3,27
DA:4,27
DA:6,27
DA:7,9
DA:9,9
DA:10,2
DA:13,10
DA:15,7
DA:19,7
DA:20,8
DA:22,7
DA:23,7
DA:25,10
DA:26,0
DA:29,10
DA:30,10
DA:31,2
DA:33,8
DA:36,5
DA:37,5
DA:39,5
DA:41,5
DA:49,4
DA:54,27
DA:55,1
LF:27
LH:26
BRDA:9,0,0,2
BRDA:9,0,1,7
BRDA:9,1,0,9
BRDA:9,1,1,8
BRDA:9,1,2,8
BRDA:25,2,0,0
BRDA:25,2,1,10
BRDA:25,3,0,10
BRDA:25,3,1,10
BRDA:30,4,0,2
BRDA:30,4,1,8
BRDA:37,5,0,2
BRDA:37,5,1,3
BRF:13
BRH:12
end_of_record
TN:
SF:backend/controllers/productController.js
FN:14,(anonymous_0)
FN:35,(anonymous_1)
FN:46,(anonymous_2)
FN:97,(anonymous_3)
FN:120,(anonymous_4)
FN:128,(anonymous_5)
FN:160,(anonymous_6)
FN:166,(anonymous_7)
FN:174,(anonymous_8)
FN:187,(anonymous_9)
FN:265,(anonymous_10)
FN:297,(anonymous_11)
FNF:12
FNH:12
FNDA:7,(anonymous_0)
FNDA:49,(anonymous_1)
FNDA:118,(anonymous_2)
FNDA:6,(anonymous_3)
FNDA:8,(anonymous_4)
FNDA:40,(anonymous_5)
FNDA:3,(anonymous_6)
FNDA:3,(anonymous_7)
FNDA:3,(anonymous_8)
FNDA:6,(anonymous_9)
FNDA:2,(anonymous_10)
FNDA:4,(anonymous_11)
DA:1,38
DA:3,38
DA:4,38
DA:5,38
DA:6,38
DA:7,38
DA:8,38
DA:9,38
DA:10,38
DA:14,38
DA:19,7
DA:22,7
DA:24,7
DA:35,49
DA:37,7
DA:39,6
DA:46,38
DA:47,118
DA:49,118
DA:51,18
DA:57,18
DA:58,18
DA:59,18
DA:61,18
DA:62,7
DA:64,11
DA:67,18
DA:72,18
DA:84,18
DA:89,18
DA:97,38
DA:98,6
DA:99,6
DA:100,6
DA:101,6
DA:103,6
DA:105,6
DA:107,6
DA:108,2
DA:111,6
DA:113,6
DA:120,38
DA:125,8
DA:126,8
DA:128,8
DA:129,40
DA:130,11
DA:135,8
DA:136,2
DA:137,2
DA:138,0
DA:140,2
DA:144,8
DA:150,8
DA:151,1
DA:154,7
DA:160,38
DA:162,3
DA:163,3
DA:164,1
DA:166,3
DA:167,2
DA:168,2
DA:174,38
DA:177,3
DA:178,2
DA:179,1
DA:181,1
DA:187,38
DA:192,6
DA:194,6
DA:195,1
DA:200,5
DA:204,5
DA:209,5
DA:210,0
DA:214,5
DA:217,5
DA:218,5
DA:220,5
DA:222,2
DA:224,2
DA:225,0
DA:227,2
DA:230,2
DA:231,2
DA:232,2
DA:234,2
DA:240,3
DA:249,3
DA:251,3
DA:260,5
DA:265,38
DA:267,2
DA:269,2
DA:270,1
DA:273,1
DA:274,1
DA:276,1
DA:277,1
DA:280,1
DA:282,1
DA:283,0
DA:286,1
DA:288,1
DA:297,38
DA:299,4
DA:300,4
DA:305,4
DA:306,1
DA:310,3
DA:311,0
DA:313,3
DA:315,3
DA:316,0
DA:319,3
DA:320,3
DA:322,3
DA:323,1
DA:327,2
DA:328,2
DA:329,2
DA:332,2
DA:334,2
DA:335,2
DA:336,2
DA:339,0
DA:343,2
DA:345,2
DA:356,2
LF:130
LH:123
BRDA:35,0,0,49
BRDA:35,0,1,16
BRDA:51,1,0,18
BRDA:51,1,1,0
BRDA:57,2,0,18
BRDA:57,2,1,0
BRDA:58,3,0,18
BRDA:58,3,1,4
BRDA:61,4,0,7
BRDA:61,4,1,11
BRDA:61,5,0,18
BRDA:61,5,1,14
BRDA:98,6,0,6
BRDA:98,6,1,2
BRDA:99,7,0,6
BRDA:99,7,1,4
BRDA:100,8,0,6
BRDA:100,8,1,4
BRDA:107,9,0,2
BRDA:107,9,1,4
BRDA:129,10,0,11
BRDA:129,10,1,29
BRDA:135,11,0,2
BRDA:135,11,1,6
BRDA:137,12,0,0
BRDA:137,12,1,2
BRDA:150,13,0,1
BRDA:150,13,1,7
BRDA:163,14,0,1
BRDA:163,14,1,2
BRDA:178,15,0,1
BRDA:178,15,1,1
BRDA:194,16,0,1
BRDA:194,16,1,5
BRDA:194,17,0,6
BRDA:194,17,1,6
BRDA:200,18,0,5
BRDA:200,18,1,0
BRDA:209,19,0,0
BRDA:209,19,1,5
BRDA:217,20,0,5
BRDA:217,20,1,3
BRDA:218,21,0,5
BRDA:218,21,1,3
BRDA:220,22,0,2
BRDA:220,22,1,3
BRDA:224,23,0,0
BRDA:224,23,1,2
BRDA:269,24,0,1
BRDA:269,24,1,1
BRDA:273,25,0,1
BRDA:273,25,1,0
BRDA:274,26,0,1
BRDA:274,26,1,1
BRDA:276,27,0,1
BRDA:276,27,1,1
BRDA:282,28,0,0
BRDA:282,28,1,1
BRDA:291,29,0,1
BRDA:291,29,1,0
BRDA:299,30,0,4
BRDA:299,30,1,0
BRDA:305,31,0,1
BRDA:305,31,1,3
BRDA:310,32,0,0
BRDA:310,32,1,3
BRDA:315,33,0,0
BRDA:315,33,1,3
BRDA:322,34,0,1
BRDA:322,34,1,2
BRDA:322,35,0,3
BRDA:322,35,1,1
BRDA:327,36,0,2
BRDA:327,36,1,0
BRDA:328,37,0,2
BRDA:328,37,1,0
BRDA:334,38,0,2
BRDA:334,38,1,0
BRF:78
BRH:63
end_of_record
TN:
SF:backend/controllers/userController.js
FN:13,(anonymous_0)
FN:43,(anonymous_1)
FN:65,(anonymous_2)
FN:76,(anonymous_3)
FN:105,(anonymous_4)
FN:112,(anonymous_5)
FN:123,(anonymous_6)
FN:145,(anonymous_7)
FN:154,(anonymous_8)
FN:168,(anonymous_9)
FN:206,(anonymous_10)
FN:229,(anonymous_11)
FN:241,(anonymous_12)
FN:256,(anonymous_13)
FNF:14
FNH:11
FNDA:14,(anonymous_0)
FNDA:86,(anonymous_1)
FNDA:2,(anonymous_2)
FNDA:11,(anonymous_3)
FNDA:0,(anonymous_4)
FNDA:0,(anonymous_5)
FNDA:0,(anonymous_6)
FNDA:3,(anonymous_7)
FNDA:7,(anonymous_8)
FNDA:12,(anonymous_9)
FNDA:3,(anonymous_10)
FNDA:5,(anonymous_11)
FNDA:1,(anonymous_12)
FNDA:1,(anonymous_13)
DA:1,36
DA:2,36
DA:3,36
DA:4,36
DA:5,36
DA:6,36
DA:7,36
DA:8,36
DA:10,36
DA:13,36
DA:19,14
DA:20,14
DA:21,2
DA:23,12
DA:24,1
DA:26,11
DA:31,10
DA:40,9
DA:43,36
DA:47,86
DA:49,86
DA:50,0
DA:52,86
DA:55,86
DA:56,13
DA:58,73
DA:59,73
DA:60,3
DA:62,70
DA:65,36
DA:66,2
DA:70,2
DA:76,36
DA:77,11
DA:80,11
DA:81,7
DA:87,4
DA:88,4
DA:92,4
DA:93,1
DA:96,3
DA:97,3
DA:98,3
DA:101,3
DA:109,0
DA:110,0
DA:111,0
DA:112,0
DA:113,0
DA:117,3
DA:123,36
DA:125,0
DA:126,0
DA:132,0
DA:133,0
DA:135,0
DA:136,0
DA:138,0
DA:139,0
DA:140,0
DA:141,0
DA:142,0
DA:145,36
DA:147,3
DA:148,3
DA:154,36
DA:155,7
DA:156,7
DA:157,7
DA:158,2
DA:160,5
DA:161,2
DA:163,3
DA:164,3
DA:165,2
DA:168,36
DA:169,12
DA:173,12
DA:174,8
DA:175,0
DA:178,8
DA:183,8
DA:192,7
DA:197,11
DA:201,10
DA:206,36
DA:207,3
DA:209,3
DA:211,3
DA:214,3
DA:216,3
DA:221,3
DA:229,36
DA:231,5
DA:232,4
DA:233,2
DA:235,2
DA:241,36
DA:242,1
DA:247,1
DA:251,1
DA:256,36
DA:257,1
DA:258,1
DA:259,0
DA:261,1
DA:262,1
DA:263,1
DA:264,1
LF:109
LH:90
BRDA:20,0,0,2
BRDA:20,0,1,12
BRDA:23,1,0,1
BRDA:23,1,1,11
BRDA:23,2,0,12
BRDA:23,2,1,12
BRDA:49,3,0,0
BRDA:49,3,1,86
BRDA:49,4,0,86
BRDA:49,4,1,86
BRDA:55,5,0,13
BRDA:55,5,1,73
BRDA:59,6,0,3
BRDA:59,6,1,70
BRDA:80,7,0,7
BRDA:80,7,1,4
BRDA:92,8,0,1
BRDA:92,8,1,3
BRDA:132,9,0,0
BRDA:132,9,1,0
BRDA:135,10,0,0
BRDA:135,10,1,0
BRDA:157,11,0,2
BRDA:157,11,1,5
BRDA:160,12,0,2
BRDA:160,12,1,3
BRDA:173,13,0,8
BRDA:173,13,1,4
BRDA:173,14,0,12
BRDA:173,14,1,8
BRDA:173,14,2,8
BRDA:174,15,0,0
BRDA:174,15,1,8
BRDA:174,16,0,8
BRDA:174,16,1,8
BRDA:232,17,0,2
BRDA:232,17,1,2
BRDA:258,18,0,0
BRDA:258,18,1,1
BRF:39
BRH:32
end_of_record
TN:
SF:backend/middleware/auth.js
FN:6,(anonymous_0)
FN:25,(anonymous_1)
FN:26,(anonymous_2)
FNF:3
FNH:3
FNDA:56,(anonymous_0)
FNDA:267,(anonymous_1)
FNDA:28,(anonymous_2)
DA:1,26
DA:2,26
DA:3,26
DA:4,26
DA:6,26
DA:7,56
DA:9,56
DA:10,7
DA:13,49
DA:16,49
DA:19,49
DA:20,3
DA:23,46
DA:25,26
DA:26,267
DA:27,28
DA:28,4
DA:30,24
LF:18
LH:18
BRDA:9,0,0,7
BRDA:9,0,1,49
BRDA:19,1,0,3
BRDA:19,1,1,46
BRDA:27,2,0,4
BRDA:27,2,1,24
BRF:6
BRH:6
end_of_record
TN:
SF:backend/middleware/catchAsyncErrors.js
FN:1,(anonymous_0)
FN:1,(anonymous_1)
FNF:2
FNH:2
FNDA:803,(anonymous_0)
FNDA:325,(anonymous_1)
DA:1,803
DA:2,325
LF:2
LH:2
BRF:0
BRH:0
end_of_record
TN:
SF:backend/middleware/error.js
FN:2,(anonymous_0)
FN:27,(anonymous_1)
FNF:2
FNH:2
FNDA:161,(anonymous_0)
FNDA:6,(anonymous_1)
DA:1,26
DA:2,26
DA:3,161
DA:4,161
DA:6,161
DA:7,2
DA:8,2
DA:11,161
DA:12,2
DA:13,2
DA:16,161
DA:17,1
DA:18,1
DA:21,161
DA:22,1
DA:23,1
DA:26,161
DA:27,6
DA:28,2
DA:30,161
LF:20
LH:20
BRDA:3,0,0,161
BRDA:3,0,1,113
BRDA:4,1,0,161
BRDA:4,1,1,6
BRDA:6,2,0,2
BRDA:6,2,1,159
BRDA:11,3,0,2
BRDA:11,3,1,159
BRDA:16,4,0,1
BRDA:16,4,1,160
BRDA:21,5,0,1
BRDA:21,5,1,160
BRDA:26,6,0,2
BRDA:26,6,1,159
BRF:14
BRH:14
end_of_record
TN:
SF:backend/middleware/mongoSanitize.js
FN:2,(anonymous_0)
FN:15,(anonymous_1)
FNF:2
FNH:2
FNDA:1144,(anonymous_0)
FNDA:292,(anonymous_1)
DA:2,26
DA:3,1144
DA:4,760
DA:5,417
DA:6,3
DA:8,414
DA:12,1144
DA:15,26
DA:16,292
DA:17,292
DA:18,292
DA:19,292
DA:22,26
LF:13
LH:13
BRDA:3,0,0,760
BRDA:3,0,1,384
BRDA:5,1,0,3
BRDA:5,1,1,414
BRDA:16,2,0,146
BRDA:16,2,1,146
BRDA:17,3,0,292
BRDA:17,3,1,0
BRDA:18,4,0,292
BRDA:18,4,1,0
BRF:10
BRH:8
end_of_record
TN:
SF:backend/middleware/multer.js
FNF:0
FNH:0
DA:1,25
DA:5,25
DA:7,25
DA:12,25
LF:4
LH:4
BRF:0
BRH:0
end_of_record
TN:
SF:backend/middleware/rateLimiter.js
FN:1,(anonymous_0)
FN:5,(anonymous_1)
FN:18,(anonymous_2)
FNF:3
FNH:2
FNDA:75,(anonymous_0)
FNDA:0,(anonymous_1)
FNDA:113,(anonymous_2)
DA:1,25
DA:2,75
DA:5,75
DA:6,0
DA:7,0
DA:9,0
DA:10,0
DA:16,75
DA:18,75
DA:20,113
DA:21,90
DA:24,23
DA:25,23
DA:27,23
DA:28,3
DA:29,3
DA:32,20
DA:35,20
DA:37,0
DA:38,0
DA:42,20
DA:43,3
DA:50,17
DA:51,17
DA:55,25
LF:25
LH:19
BRDA:9,0,0,0
BRDA:9,0,1,0
BRDA:16,1,0,75
BRDA:16,1,1,0
BRDA:20,2,0,90
BRDA:20,2,1,23
BRDA:20,3,0,113
BRDA:20,3,1,113
BRDA:27,4,0,3
BRDA:27,4,1,20
BRDA:35,5,0,0
BRDA:35,5,1,20
BRDA:42,6,0,3
BRDA:42,6,1,17
BRDA:45,7,0,3
BRDA:45,7,1,0
BRF:16
BRH:11
end_of_record
TN:
SF:backend/middleware/securityHeaders.js
FN:1,(anonymous_0)
FNF:1
FNH:1
FNDA:297,(anonymous_0)
DA:1,28
DA:3,297
DA:7,297
DA:10,297
DA:14,297
DA:15,2
DA:18,297
DA:21,28
LF:8
LH:8
BRDA:14,0,0,2
BRDA:14,0,1,295
BRDA:14,1,0,297
BRDA:14,1,1,296
BRF:4
BRH:4
end_of_record
TN:
SF:backend/middleware/validate.js
FN:4,(anonymous_0)
FN:4,(anonymous_1)
FN:7,(anonymous_2)
FNF:3
FNH:3
FNDA:125,(anonymous_0)
FNDA:113,(anonymous_1)
FNDA:9,(anonymous_2)
DA:1,25
DA:2,25
DA:4,125
DA:5,113
DA:6,113
DA:7,9
DA:8,8
DA:10,105
DA:13,25
LF:9
LH:9
BRDA:6,0,0,8
BRDA:6,0,1,105
BRF:2
BRH:2
end_of_record
TN:
SF:backend/models/orderModel.js
FNF:0
FNH:0
DA:1,35
DA:3,35
DA:105,35
LF:3
LH:3
BRF:0
BRH:0
end_of_record
TN:
SF:backend/models/productModel.js
FNF:0
FNH:0
DA:1,49
DA:4,49
DA:71,49
DA:79,49
DA:82,49
LF:5
LH:5
BRF:0
BRH:0
end_of_record
TN:
SF:backend/models/reviewModel.js
FNF:0
FNH:0
DA:1,38
DA:3,38
DA:36,38
DA:38,38
LF:4
LH:4
BRF:0
BRH:0
end_of_record
TN:
SF:backend/models/userModel.js
FN:48,(anonymous_0)
FN:56,(anonymous_1)
FN:65,(anonymous_2)
FN:69,(anonymous_3)
FNF:4
FNH:4
FNDA:103,(anonymous_0)
FNDA:88,(anonymous_1)
FNDA:77,(anonymous_2)
FNDA:3,(anonymous_3)
DA:1,47
DA:2,47
DA:3,47
DA:4,47
DA:5,47
DA:48,47
DA:49,103
DA:50,2
DA:52,101
DA:56,47
DA:57,88
DA:62,88
DA:65,47
DA:66,77
DA:69,47
DA:72,3
DA:74,3
DA:75,3
DA:76,3
DA:78,47
LF:20
LH:20
BRDA:49,0,0,2
BRDA:49,0,1,101
BRF:2
BRH:2
end_of_record
TN:
SF:backend/routes/orderRoute.js
FNF:0
FNH:0
DA:1,25
DA:10,25
DA:14,25
DA:15,25
DA:16,25
DA:17,25
DA:18,25
DA:19,25
DA:20,25
DA:21,25
DA:22,25
LF:11
LH:11
BRF:0
BRH:0
end_of_record
TN:
SF:backend/routes/paymentRoute.js
FNF:0
FNH:0
DA:1,25
DA:5,25
DA:6,25
DA:7,25
DA:9,25
DA:11,25
DA:13,25
LF:7
LH:7
BRF:0
BRH:0
end_of_record
TN:
SF:backend/routes/productRoute.js
FNF:0
FNH:0
DA:1,25
DA:13,25
DA:14,25
DA:16,25
DA:20,25
DA:23,25
DA:24,25
DA:25,25
DA:27,25
DA:29,25
DA:31,25
DA:33,25
DA:35,25
LF:13
LH:13
BRF:0
BRH:0
end_of_record
TN:
SF:backend/routes/userRoute.js
FNF:0
FNH:0
DA:3,25
DA:4,25
DA:18,25
DA:19,25
DA:23,25
DA:24,25
DA:25,25
DA:26,25
DA:27,25
DA:29,25
DA:31,25
DA:33,25
DA:35,25
DA:37,25
DA:39,25
DA:41,25
DA:43,25
DA:45,25
DA:47,25
DA:49,25
DA:51,25
DA:53,25
LF:22
LH:22
BRF:0
BRH:0
end_of_record
TN:
SF:backend/schemas/userZodSchema.js
FN:28,(anonymous_0)
FNF:1
FNH:1
FNDA:2,(anonymous_0)
DA:1,25
DA:3,25
DA:10,25
DA:15,25
DA:21,25
DA:25,25
DA:28,2
DA:33,25
LF:8
LH:8
BRF:0
BRH:0
end_of_record
TN:
SF:backend/utils/apifeatures.js
FN:2,escapeRegex
FN:19,(anonymous_1)
FN:23,(anonymous_2)
FN:36,(anonymous_3)
FN:41,(anonymous_4)
FN:45,(anonymous_5)
FN:62,(anonymous_6)
FN:80,(anonymous_7)
FNF:8
FNH:8
FNDA:3,escapeRegex
FNDA:39,(anonymous_1)
FNDA:21,(anonymous_2)
FNDA:27,(anonymous_3)
FNDA:81,(anonymous_4)
FNDA:17,(anonymous_5)
FNDA:26,(anonymous_6)
FNDA:27,(anonymous_7)
DA:3,3
DA:8,62
DA:20,39
DA:21,39
DA:24,21
DA:31,21
DA:34,21
DA:37,27
DA:39,27
DA:41,81
DA:44,27
DA:45,27
DA:47,27
DA:50,27
DA:51,21
DA:52,14
DA:53,18
DA:54,17
DA:61,27
DA:62,26
DA:64,7
DA:66,4
DA:69,3
DA:76,27
DA:78,27
DA:81,27
DA:82,27
DA:83,27
DA:84,27
DA:87,62
LF:30
LH:30
BRDA:24,0,0,6
BRDA:24,0,1,15
BRDA:51,1,0,14
BRDA:51,1,1,7
BRDA:53,2,0,17
BRDA:53,2,1,1
BRDA:61,3,0,7
BRDA:61,3,1,20
BRDA:61,4,0,27
BRDA:61,4,1,7
BRDA:64,5,0,4
BRDA:64,5,1,3
BRDA:81,6,0,27
BRDA:81,6,1,16
BRF:14
BRH:14
end_of_record
TN:
SF:backend/utils/errorhandler.js
FN:2,(anonymous_0)
FNF:1
FNH:1
FNDA:80,(anonymous_0)
DA:3,80
DA:4,80
DA:5,80
DA:8,63
LF:4
LH:4
BRF:0
BRH:0
end_of_record
TN:
SF:backend/utils/imageHandler.js
FN:8,(anonymous_0)
FN:19,(anonymous_1)
FN:27,(anonymous_2)
FN:31,(anonymous_3)
FN:33,(anonymous_4)
FN:44,(anonymous_5)
FN:47,(anonymous_6)
FN:51,(anonymous_7)
FN:52,(anonymous_8)
FN:58,(anonymous_9)
FN:78,(anonymous_10)
FNF:11
FNH:11
FNDA:6,(anonymous_0)
FNDA:16,(anonymous_1)
FNDA:18,(anonymous_2)
FNDA:16,(anonymous_3)
FNDA:14,(anonymous_4)
FNDA:18,(anonymous_5)
FNDA:9,(anonymous_6)
FNDA:14,(anonymous_7)
FNDA:14,(anonymous_8)
FNDA:14,(anonymous_9)
FNDA:14,(anonymous_10)
DA:1,39
DA:8,39
DA:9,6
DA:11,6
DA:12,1
DA:14,5
DA:16,6
DA:17,6
DA:19,6
DA:20,16
DA:21,2
DA:23,14
DA:27,18
DA:29,6
DA:31,16
DA:34,14
DA:37,14
DA:44,18
DA:45,6
DA:47,39
DA:48,9
DA:50,9
DA:51,3
DA:52,14
DA:53,14
DA:59,14
DA:60,14
DA:66,14
DA:71,6
DA:72,6
DA:73,0
DA:74,6
DA:75,4
DA:77,6
DA:78,4
DA:79,14
DA:83,14
DA:90,9
DA:92,39
LF:39
LH:38
BRDA:11,0,0,1
BRDA:11,0,1,5
BRDA:20,1,0,2
BRDA:20,1,1,14
BRDA:20,2,0,16
BRDA:20,2,1,16
BRDA:50,3,0,3
BRDA:50,3,1,6
BRDA:50,4,0,9
BRDA:50,4,1,3
BRDA:59,5,0,0
BRDA:59,5,1,14
BRDA:72,6,0,0
BRDA:72,6,1,6
BRDA:74,7,0,4
BRDA:74,7,1,2
BRDA:77,8,0,4
BRDA:77,8,1,2
BRF:18
BRH:16
end_of_record
TN:
SF:backend/utils/jwtToken.js
FN:2,(anonymous_0)
FNF:1
FNH:1
FNDA:83,(anonymous_0)
DA:2,35
DA:3,83
DA:5,83
DA:13,83
DA:18,35
LF:5
LH:5
BRDA:10,0,0,83
BRDA:10,0,1,82
BRF:2
BRH:2
end_of_record
TN:
SF:backend/utils/pricing.js
FN:10,(anonymous_0)
FNF:1
FNH:1
FNDA:21,(anonymous_0)
DA:1,36
DA:2,36
DA:3,36
DA:10,36
DA:11,21
DA:14,21
DA:17,21
DA:20,21
DA:22,21
DA:29,36
LF:10
LH:10
BRDA:17,0,0,2
BRDA:17,0,1,19
BRF:2
BRH:2
end_of_record
TN:
SF:backend/utils/sendEmail.js
FN:3,(anonymous_0)
FNF:1
FNH:1
FNDA:2,(anonymous_0)
DA:1,33
DA:3,33
DA:4,2
DA:6,2
DA:7,2
DA:14,0
DA:15,0
DA:19,33
LF:8
LH:6
BRF:0
BRH:0
end_of_record
